failed to create symbolic link '/home/ws/roarm_ws_em0/build/roarm_moveit/ament_cmake_python/roarm_moveit/roarm_moveit' because existing path cannot be removed: Is a directory
gmake[2]: *** [CMakeFiles/ament_cmake_python_symlink_roarm_moveit.dir/build.make:70: CMakeFiles/ament_cmake_python_symlink_roarm_moveit] Error 1
gmake[1]: *** [CMakeFiles/Makefile2:421: CMakeFiles/ament_cmake_python_symlink_roarm_moveit.dir/all] Error 2
gmake[1]: *** Waiting for unfinished jobs....
gmake: *** [Makefile:146: all] Error 2
