[0.012s] Invoking command in '/home/ws/roarm_ws_em0/build/roarm_moveit': CMAKE_PREFIX_PATH=/home/ws/roarm_ws_em0/install/roarm_description:/home/ws/roarm_ws_em0/install/manual_move_action:/home/ws/roarm_ws_em0/install/roarm_moveit:/opt/ros/humble /usr/bin/cmake /home/ws/roarm_ws_em0/src/roarm_main/roarm_moveit -DAMENT_CMAKE_SYMLINK_INSTALL=1 -DCMAKE_INSTALL_PREFIX=/home/ws/roarm_ws_em0/install/roarm_moveit
[0.027s] -- Found ament_cmake: 1.3.10 (/opt/ros/humble/share/ament_cmake/cmake)
[0.179s] -- Override CMake install command with custom implementation using symlinks instead of copying resources
[0.183s] -- Found rosidl_default_generators: 1.2.0 (/opt/ros/humble/share/rosidl_default_generators/cmake)
[0.185s] -- Using all available rosidl_typesupport_c: rosidl_typesupport_fastrtps_c;rosidl_typesupport_introspection_c
[0.188s] -- Found rosidl_adapter: 3.1.5 (/opt/ros/humble/share/rosidl_adapter/cmake)
[0.221s] -- Using all available rosidl_typesupport_cpp: rosidl_typesupport_fastrtps_cpp;rosidl_typesupport_introspection_cpp
[0.474s] -- Found ament_cmake_ros: 0.10.0 (/opt/ros/humble/share/ament_cmake_ros/cmake)
[0.627s] -- Using all available rosidl_typesupport_c: rosidl_typesupport_fastrtps_c;rosidl_typesupport_introspection_c
[0.825s] -- Using all available rosidl_typesupport_cpp: rosidl_typesupport_fastrtps_cpp;rosidl_typesupport_introspection_cpp
[0.847s] -- Found python_cmake_module: 0.10.0 (/opt/ros/humble/share/python_cmake_module/cmake)
[0.868s] -- Using PYTHON_EXECUTABLE: /usr/bin/python3
[0.868s] -- Using PYTHON_INCLUDE_DIRS: /usr/include/python3.10
[0.868s] -- Using PYTHON_LIBRARIES: /usr/lib/x86_64-linux-gnu/libpython3.10.so
[0.885s] -- Configuring done
[0.916s] -- Generating done
[0.919s] -- Build files have been written to: /home/ws/roarm_ws_em0/build/roarm_moveit
[0.926s] Invoked command in '/home/ws/roarm_ws_em0/build/roarm_moveit' returned '0': CMAKE_PREFIX_PATH=/home/ws/roarm_ws_em0/install/roarm_description:/home/ws/roarm_ws_em0/install/manual_move_action:/home/ws/roarm_ws_em0/install/roarm_moveit:/opt/ros/humble /usr/bin/cmake /home/ws/roarm_ws_em0/src/roarm_main/roarm_moveit -DAMENT_CMAKE_SYMLINK_INSTALL=1 -DCMAKE_INSTALL_PREFIX=/home/ws/roarm_ws_em0/install/roarm_moveit
[0.928s] Invoking command in '/home/ws/roarm_ws_em0/build/roarm_moveit': CMAKE_PREFIX_PATH=/home/ws/roarm_ws_em0/install/roarm_description:/home/ws/roarm_ws_em0/install/manual_move_action:/home/ws/roarm_ws_em0/install/roarm_moveit:/opt/ros/humble /usr/bin/cmake --build /home/ws/roarm_ws_em0/build/roarm_moveit -- -j4 -l4
[0.970s] [35m[1mConsolidate compiler generated dependencies of target roarm_moveit__rosidl_generator_c[0m
[0.988s] [  2%] Built target roarm_moveit__cpp
[0.989s] [ 12%] Built target roarm_moveit__rosidl_generator_c
[1.001s] failed to create symbolic link '/home/ws/roarm_ws_em0/build/roarm_moveit/ament_cmake_python/roarm_moveit/roarm_moveit' because existing path cannot be removed: Is a directory
[1.002s] gmake[2]: *** [CMakeFiles/ament_cmake_python_symlink_roarm_moveit.dir/build.make:70: CMakeFiles/ament_cmake_python_symlink_roarm_moveit] Error 1
[1.002s] gmake[1]: *** [CMakeFiles/Makefile2:421: CMakeFiles/ament_cmake_python_symlink_roarm_moveit.dir/all] Error 2
[1.002s] gmake[1]: *** Waiting for unfinished jobs....
[1.005s] [35m[1mConsolidate compiler generated dependencies of target roarm_moveit__rosidl_typesupport_introspection_cpp[0m
[1.008s] [35m[1mConsolidate compiler generated dependencies of target roarm_moveit__rosidl_typesupport_fastrtps_cpp[0m
[1.016s] [35m[1mConsolidate compiler generated dependencies of target roarm_moveit__rosidl_typesupport_cpp[0m
[1.021s] [ 23%] Built target roarm_moveit__rosidl_typesupport_introspection_cpp
[1.025s] [ 34%] Built target roarm_moveit__rosidl_typesupport_fastrtps_cpp
[1.030s] [ 44%] Built target roarm_moveit__rosidl_typesupport_cpp
[1.031s] gmake: *** [Makefile:146: all] Error 2
[1.034s] Invoked command in '/home/ws/roarm_ws_em0/build/roarm_moveit' returned '2': CMAKE_PREFIX_PATH=/home/ws/roarm_ws_em0/install/roarm_description:/home/ws/roarm_ws_em0/install/manual_move_action:/home/ws/roarm_ws_em0/install/roarm_moveit:/opt/ros/humble /usr/bin/cmake --build /home/ws/roarm_ws_em0/build/roarm_moveit -- -j4 -l4
