[01m[K/home/ws/roarm_ws_em0/src/roarm_main/manual_move_action/src/manual_move_client.cpp:[m[K In member function â€˜[01m[Kvoid MinimalActionClient::feedback_callback(rclcpp_action::ClientGoalHandle<manual_move_action::action::MoveInfo>::SharedPtr, std::shared_ptr<const manual_move_action::action::MoveInfo_Feedback_<std::allocator<void> > >)[m[Kâ€™:
[01m[K/home/ws/roarm_ws_em0/src/roarm_main/manual_move_action/src/manual_move_client.cpp:58:69:[m[K [01;35m[Kwarning: [m[Kunused parameter â€˜[01m[Kfeedback[m[Kâ€™ [[01;35m[K]8;;https://gcc.gnu.org/onlinedocs/gcc/Warning-Options.html#index-Wunused-parameter-Wunused-parameter]8;;[m[K]
   58 |                     [01;35m[Kconst std::shared_ptr<const MoveInfo::Feedback> feedback[m[K)
      |                     [01;35m[K~~~~~~~~~~~~~~~~~~~~~~~~~~~~~~~~~~~~~~~~~~~~~~~~^~~~~~~~[m[K
[01m[K/home/ws/roarm_ws_em0/src/roarm_main/manual_move_action/src/manual_move_server.cpp:45:3:[m[K [01;31m[Kerror: [m[Kâ€˜[01m[Kmove_point_client[m[Kâ€™ does not name a type
   45 |   [01;31m[Kmove_point_client[m[K =
      |   [01;31m[K^~~~~~~~~~~~~~~~~[m[K
[01m[K/home/ws/roarm_ws_em0/src/roarm_main/manual_move_action/src/manual_move_server.cpp:48:18:[m[K [01;31m[Kerror: [m[Kâ€˜[01m[Kstd_srvs[m[Kâ€™ was not declared in this scope
   48 |   rclcpp::Client<[01;31m[Kstd_srvs[m[K::srv::Empty>::SharedPtr stop_client_;
      |                  [01;31m[K^~~~~~~~[m[K
[01m[K/home/ws/roarm_ws_em0/src/roarm_main/manual_move_action/src/manual_move_server.cpp:48:38:[m[K [01;31m[Kerror: [m[Ktemplate argument 1 is invalid
   48 |   rclcpp::Client<std_srvs::srv::Empty[01;31m[K>[m[K::SharedPtr stop_client_;
      |                                      [01;31m[K^[m[K
[01m[K/home/ws/roarm_ws_em0/src/roarm_main/manual_move_action/src/manual_move_server.cpp:48:41:[m[K [01;31m[Kerror: [m[Kexpected â€˜[01m[K;[m[Kâ€™ at end of member declaration
   48 |   rclcpp::Client<std_srvs::srv::Empty>::[01;31m[KSharedPtr[m[K stop_client_;
      |                                         [01;31m[K^~~~~~~~~[m[K
      |                                                  [32m[K;[m[K
[01m[K/home/ws/roarm_ws_em0/src/roarm_main/manual_move_action/src/manual_move_server.cpp:48:51:[m[K [01;31m[Kerror: [m[Kâ€˜[01m[Kstop_client_[m[Kâ€™ does not name a type
   48 |   rclcpp::Client<std_srvs::srv::Empty>::SharedPtr [01;31m[Kstop_client_[m[K;
      |                                                   [01;31m[K^~~~~~~~~~~~[m[K
[01m[K/home/ws/roarm_ws_em0/src/roarm_main/manual_move_action/src/manual_move_server.cpp:49:3:[m[K [01;31m[Kerror: [m[Kâ€˜[01m[Kstop_client_[m[Kâ€™ does not name a type
   49 |   [01;31m[Kstop_client_[m[K = this->create_client<std_srvs::srv::Empty>("/move_group/stop");
      |   [01;31m[K^~~~~~~~~~~~[m[K
[01m[K/home/ws/roarm_ws_em0/src/roarm_main/manual_move_action/src/manual_move_server.cpp:[m[K In member function â€˜[01m[Krclcpp_action::GoalResponse manual_move_action::MinimalActionServer::handle_goal(const GoalUUID&, std::shared_ptr<const manual_move_action::action::MoveInfo_Goal_<std::allocator<void> > >)[m[Kâ€™:
[01m[K/home/ws/roarm_ws_em0/src/roarm_main/manual_move_action/src/manual_move_server.cpp:64:57:[m[K [01;35m[Kwarning: [m[Kunused parameter â€˜[01m[Kgoal[m[Kâ€™ [[01;35m[K]8;;https://gcc.gnu.org/onlinedocs/gcc/Warning-Options.html#index-Wunused-parameter-Wunused-parameter]8;;[m[K]
   64 |               [01;35m[Kstd::shared_ptr<const CustomAction::Goal> goal[m[K)
      |               [01;35m[K~~~~~~~~~~~~~~~~~~~~~~~~~~~~~~~~~~~~~~~~~~^~~~[m[K
[01m[K/home/ws/roarm_ws_em0/src/roarm_main/manual_move_action/src/manual_move_server.cpp:[m[K In member function â€˜[01m[Krclcpp_action::CancelResponse manual_move_action::MinimalActionServer::handle_cancel(std::shared_ptr<rclcpp_action::ServerGoalHandle<manual_move_action::action::MoveInfo> >)[m[Kâ€™:
[01m[K/home/ws/roarm_ws_em0/src/roarm_main/manual_move_action/src/manual_move_server.cpp:82:9:[m[K [01;31m[Kerror: [m[Kâ€˜[01m[Kstop_client_[m[Kâ€™ was not declared in this scope
   82 |     if ([01;31m[Kstop_client_[m[K->wait_for_service(1s))
      |         [01;31m[K^~~~~~~~~~~~[m[K
[01m[K/home/ws/roarm_ws_em0/src/roarm_main/manual_move_action/src/manual_move_server.cpp:82:40:[m[K [01;31m[Kerror: [m[Kunable to find numeric literal operator â€˜[01m[Koperator""s[m[Kâ€™
   82 |     if (stop_client_->wait_for_service([01;31m[K1s[m[K))
      |                                        [01;31m[K^~[m[K
[01m[K/home/ws/roarm_ws_em0/src/roarm_main/manual_move_action/src/manual_move_server.cpp:84:44:[m[K [01;31m[Kerror: [m[Kâ€˜[01m[Kstd_srvs[m[Kâ€™ was not declared in this scope
   84 |       auto stop_request = std::make_shared<[01;31m[Kstd_srvs[m[K::srv::Empty::Request>();
      |                                            [01;31m[K^~~~~~~~[m[K
[01m[K/home/ws/roarm_ws_em0/src/roarm_main/manual_move_action/src/manual_move_server.cpp:84:32:[m[K [01;31m[Kerror: [m[Kparse error in template argument list
   84 |       auto stop_request = std::[01;31m[Kmake_shared<std_srvs::srv::Empty::Request>[m[K();
      |                                [01;31m[K^~~~~~~~~~~~~~~~~~~~~~~~~~~~~~~~~~~~~~~~~~[m[K
[01m[K/home/ws/roarm_ws_em0/src/roarm_main/manual_move_action/src/manual_move_server.cpp:84:74:[m[K [01;31m[Kerror: [m[Kno matching function for call to â€˜[01m[Kmake_shared<<expression error> >()[m[Kâ€™
   84 |       auto stop_request = [01;31m[Kstd::make_shared<std_srvs::srv::Empty::Request>()[m[K;
      |                           [01;31m[K~~~~~~~~~~~~~~~~~~~~~~~~~~~~~~~~~~~~~~~~~~~~~~~^~[m[K
In file included from [01m[K/usr/include/c++/11/memory:77[m[K,
                 from [01m[K/home/ws/roarm_ws_em0/src/roarm_main/manual_move_action/src/manual_move_server.cpp:4[m[K:
[01m[K/usr/include/c++/11/bits/shared_ptr.h:875:5:[m[K [01;36m[Knote: [m[Kcandidate: â€˜[01m[Ktemplate<class _Tp, class ... _Args> std::shared_ptr<_Tp> std::make_shared(_Args&& ...)[m[Kâ€™
  875 |     [01;36m[Kmake_shared[m[K(_Args&&... __args)
      |     [01;36m[K^~~~~~~~~~~[m[K
[01m[K/usr/include/c++/11/bits/shared_ptr.h:875:5:[m[K [01;36m[Knote: [m[K  template argument deduction/substitution failed:
[01m[K/home/ws/roarm_ws_em0/src/roarm_main/manual_move_action/src/manual_move_server.cpp:84:74:[m[K [01;31m[Kerror: [m[Ktemplate argument 1 is invalid
   84 |       auto stop_request = [01;31m[Kstd::make_shared<std_srvs::srv::Empty::Request>()[m[K;
      |                           [01;31m[K~~~~~~~~~~~~~~~~~~~~~~~~~~~~~~~~~~~~~~~~~~~~~~~^~[m[K
[01m[K/home/ws/roarm_ws_em0/src/roarm_main/manual_move_action/src/manual_move_server.cpp:71:81:[m[K [01;35m[Kwarning: [m[Kunused parameter â€˜[01m[Kgoal_handle[m[Kâ€™ [[01;35m[K]8;;https://gcc.gnu.org/onlinedocs/gcc/Warning-Options.html#index-Wunused-parameter-Wunused-parameter]8;;[m[K]
   71 |   rclcpp_action::CancelResponse handle_cancel([01;35m[Kconst std::shared_ptr<GoalHandle> goal_handle[m[K)
      |                                               [01;35m[K~~~~~~~~~~~~~~~~~~~~~~~~~~~~~~~~~~^~~~~~~~~~~[m[K
[01m[K/home/ws/roarm_ws_em0/src/roarm_main/manual_move_action/src/manual_move_server.cpp:[m[K In member function â€˜[01m[Kvoid manual_move_action::MinimalActionServer::handle_accepted(std::shared_ptr<rclcpp_action::ServerGoalHandle<manual_move_action::action::MoveInfo> >)[m[Kâ€™:
[01m[K/home/ws/roarm_ws_em0/src/roarm_main/manual_move_action/src/manual_move_server.cpp:98:38:[m[K [01;31m[Kerror: [m[Kâ€˜[01m[Kqueue_mutex[m[Kâ€™ was not declared in this scope; did you mean â€˜[01m[Kqueue_mutex_[m[Kâ€™?
   98 |     std::lock_guard<std::mutex> lock([01;31m[Kqueue_mutex[m[K); // Lock mutex
      |                                      [01;31m[K^~~~~~~~~~~[m[K
      |                                      [32m[Kqueue_mutex_[m[K
[01m[K/home/ws/roarm_ws_em0/src/roarm_main/manual_move_action/src/manual_move_server.cpp:[m[K In member function â€˜[01m[Kvoid manual_move_action::MinimalActionServer::execute(std::shared_ptr<rclcpp_action::ServerGoalHandle<manual_move_action::action::MoveInfo> >)[m[Kâ€™:
[01m[K/home/ws/roarm_ws_em0/src/roarm_main/manual_move_action/src/manual_move_server.cpp:158:67:[m[K [01;35m[Kwarning: [m[Kâ€˜[01m[Krclcpp::Client<ServiceT>::FutureAndRequestId::operator rclcpp::Client<ServiceT>::SharedFuture() [with ServiceT = roarm_moveit::srv::MovePointCmd; rclcpp::Client<ServiceT>::SharedFuture = std::shared_future<std::shared_ptr<roarm_moveit::srv::MovePointCmd_Response_<std::allocator<void> > > >][m[Kâ€™ is deprecated: FutureAndRequestId: use .future.share() instead of an implicit conversion [[01;35m[K]8;;https://gcc.gnu.org/onlinedocs/gcc/Warning-Options.html#index-Wdeprecated-declarations-Wdeprecated-declarations]8;;[m[K]
  158 |       moveResponse = move_point_client->async_send_request(moveReq[01;35m[K)[m[K;
      |                                                                   [01;35m[K^[m[K
In file included from [01m[K/opt/ros/humble/include/rclcpp/rclcpp/callback_group.hpp:24[m[K,
                 from [01m[K/opt/ros/humble/include/rclcpp/rclcpp/any_executable.hpp:20[m[K,
                 from [01m[K/opt/ros/humble/include/rclcpp/rclcpp/memory_strategy.hpp:25[m[K,
                 from [01m[K/opt/ros/humble/include/rclcpp/rclcpp/memory_strategies.hpp:18[m[K,
                 from [01m[K/opt/ros/humble/include/rclcpp/rclcpp/executor_options.hpp:20[m[K,
                 from [01m[K/opt/ros/humble/include/rclcpp/rclcpp/executor.hpp:37[m[K,
                 from [01m[K/opt/ros/humble/include/rclcpp/rclcpp/executors/multi_threaded_executor.hpp:25[m[K,
                 from [01m[K/opt/ros/humble/include/rclcpp/rclcpp/executors.hpp:21[m[K,
                 from [01m[K/opt/ros/humble/include/rclcpp/rclcpp/rclcpp.hpp:155[m[K,
                 from [01m[K/home/ws/roarm_ws_em0/src/roarm_main/manual_move_action/src/manual_move_server.cpp:9[m[K:
[01m[K/opt/ros/humble/include/rclcpp/rclcpp/client.hpp:415:5:[m[K [01;36m[Knote: [m[Kdeclared here
  415 |     [01;36m[Koperator[m[K SharedFuture() {return this->future.share();}
      |     [01;36m[K^~~~~~~~[m[K
[01m[K/home/ws/roarm_ws_em0/src/roarm_main/manual_move_action/src/manual_move_server.cpp:166:11:[m[K [01;31m[Kerror: [m[Kâ€˜[01m[Kshould_stop[m[Kâ€™ was not declared in this scope; did you mean â€˜[01m[Kshould_stop_[m[Kâ€™?
  166 |       if ([01;31m[Kshould_stop[m[K)
      |           [01;31m[K^~~~~~~~~~~[m[K
      |           [32m[Kshould_stop_[m[K
gmake[2]: *** [CMakeFiles/manual_move_server.dir/build.make:76: CMakeFiles/manual_move_server.dir/src/manual_move_server.cpp.o] Error 1
gmake[1]: *** [CMakeFiles/Makefile2:622: CMakeFiles/manual_move_server.dir/all] Error 2
gmake[1]: *** Waiting for unfinished jobs....
gmake: *** [Makefile:146: all] Error 2
