-- The C compiler identification is GNU 11.4.0
-- The CXX compiler identification is GNU 11.4.0
-- Detecting C compiler ABI info
-- Detecting C compiler ABI info - done
-- Check for working C compiler: /usr/bin/cc - skipped
-- Detecting C compile features
-- Detecting C compile features - done
-- Detecting CXX compiler ABI info
-- Detecting CXX compiler ABI info - done
-- Check for working CXX compiler: /usr/bin/c++ - skipped
-- Detecting CXX compile features
-- Detecting CXX compile features - done
-- Found ament_cmake: 1.3.10 (/opt/ros/humble/share/ament_cmake/cmake)
-- Found Python3: /usr/bin/python3 (found version "3.10.12") found components: Interpreter 
-- Found rclcpp: 16.0.10 (/opt/ros/humble/share/rclcpp/cmake)
-- Found rosidl_generator_c: 3.1.5 (/opt/ros/humble/share/rosidl_generator_c/cmake)
-- Found rosidl_adapter: 3.1.5 (/opt/ros/humble/share/rosidl_adapter/cmake)
-- Found rosidl_generator_cpp: 3.1.5 (/opt/ros/humble/share/rosidl_generator_cpp/cmake)
-- Using all available rosidl_typesupport_c: rosidl_typesupport_fastrtps_c;rosidl_typesupport_introspection_c
-- Using all available rosidl_typesupport_cpp: rosidl_typesupport_fastrtps_cpp;rosidl_typesupport_introspection_cpp
-- Found rmw_implementation_cmake: 6.1.2 (/opt/ros/humble/share/rmw_implementation_cmake/cmake)
-- Found rmw_fastrtps_cpp: 6.2.7 (/opt/ros/humble/share/rmw_fastrtps_cpp/cmake)
-- Found OpenSSL: /usr/lib/x86_64-linux-gnu/libcrypto.so (found version "3.0.2")  
-- Found FastRTPS: /opt/ros/humble/include  
-- Using RMW implementation 'rmw_fastrtps_cpp' as default
-- Looking for pthread.h
-- Looking for pthread.h - found
-- Performing Test CMAKE_HAVE_LIBC_PTHREAD
-- Performing Test CMAKE_HAVE_LIBC_PTHREAD - Success
-- Found Threads: TRUE  
-- Found rclcpp_action: 16.0.10 (/opt/ros/humble/share/rclcpp_action/cmake)
-- Found rclcpp_components: 16.0.10 (/opt/ros/humble/share/rclcpp_components/cmake)
-- Found rosidl_default_generators: 1.2.0 (/opt/ros/humble/share/rosidl_default_generators/cmake)
-- Found ament_cmake_ros: 0.10.0 (/opt/ros/humble/share/ament_cmake_ros/cmake)
-- Using all available rosidl_typesupport_c: rosidl_typesupport_fastrtps_c;rosidl_typesupport_introspection_c
-- Using all available rosidl_typesupport_cpp: rosidl_typesupport_fastrtps_cpp;rosidl_typesupport_introspection_cpp
-- Found PythonInterp: /usr/bin/python3 (found suitable version "3.10.12", minimum required is "3.6") 
-- Found python_cmake_module: 0.10.0 (/opt/ros/humble/share/python_cmake_module/cmake)
-- Found PythonLibs: /usr/lib/x86_64-linux-gnu/libpython3.10.so (found suitable version "3.10.12", minimum required is "3.5") 
-- Using PYTHON_EXECUTABLE: /usr/bin/python3
-- Using PYTHON_INCLUDE_DIRS: /usr/include/python3.10
-- Using PYTHON_LIBRARIES: /usr/lib/x86_64-linux-gnu/libpython3.10.so
-- Found PythonExtra: .so  
-- Found ament_lint_auto: 0.12.11 (/opt/ros/humble/share/ament_lint_auto/cmake)
-- Added test 'copyright' to check source files copyright and LICENSE
-- Added test 'cppcheck' to perform static code analysis on C / C++ code
-- Configured cppcheck include dirs: 
-- Configured cppcheck exclude dirs and/or files: 
-- Added test 'cpplint' to check C / C++ code against the Google style
-- Configured cpplint exclude dirs and/or files: 
-- Added test 'flake8' to check Python code syntax and style conventions
-- Added test 'lint_cmake' to check CMake code style
-- Added test 'pep257' to check Python code against some of the docstring style conventions in PEP 257
-- Added test 'uncrustify' to check C / C++ code style
-- Configured uncrustify additional arguments: 
-- Added test 'xmllint' to check XML markup files
-- Configuring done
-- Generating done
-- Build files have been written to: /home/ws/roarm_ws_em0/build/manual_move_action
/usr/bin/cmake -S/home/ws/roarm_ws_em0/src/roarm_main/manual_move_action -B/home/ws/roarm_ws_em0/build/manual_move_action --check-build-system CMakeFiles/Makefile.cmake 0
/usr/bin/cmake -E cmake_progress_start /home/ws/roarm_ws_em0/build/manual_move_action/CMakeFiles /home/ws/roarm_ws_em0/build/manual_move_action//CMakeFiles/progress.marks
/usr/bin/gmake  -f CMakeFiles/Makefile2 all
gmake[1]: Entering directory '/home/ws/roarm_ws_em0/build/manual_move_action'
/usr/bin/gmake  -f CMakeFiles/manual_move_action__cpp.dir/build.make CMakeFiles/manual_move_action__cpp.dir/depend
/usr/bin/gmake  -f CMakeFiles/manual_move_action__rosidl_generator_c.dir/build.make CMakeFiles/manual_move_action__rosidl_generator_c.dir/depend
gmake[2]: Entering directory '/home/ws/roarm_ws_em0/build/manual_move_action'
cd /home/ws/roarm_ws_em0/build/manual_move_action && /usr/bin/cmake -E cmake_depends "Unix Makefiles" /home/ws/roarm_ws_em0/src/roarm_main/manual_move_action /home/ws/roarm_ws_em0/src/roarm_main/manual_move_action /home/ws/roarm_ws_em0/build/manual_move_action /home/ws/roarm_ws_em0/build/manual_move_action /home/ws/roarm_ws_em0/build/manual_move_action/CMakeFiles/manual_move_action__cpp.dir/DependInfo.cmake --color=
/usr/bin/gmake  -f CMakeFiles/ament_cmake_python_copy_manual_move_action.dir/build.make CMakeFiles/ament_cmake_python_copy_manual_move_action.dir/depend
gmake[2]: Entering directory '/home/ws/roarm_ws_em0/build/manual_move_action'
cd /home/ws/roarm_ws_em0/build/manual_move_action && /usr/bin/cmake -E cmake_depends "Unix Makefiles" /home/ws/roarm_ws_em0/src/roarm_main/manual_move_action /home/ws/roarm_ws_em0/src/roarm_main/manual_move_action /home/ws/roarm_ws_em0/build/manual_move_action /home/ws/roarm_ws_em0/build/manual_move_action /home/ws/roarm_ws_em0/build/manual_move_action/CMakeFiles/manual_move_action__rosidl_generator_c.dir/DependInfo.cmake --color=
gmake[2]: Entering directory '/home/ws/roarm_ws_em0/build/manual_move_action'
cd /home/ws/roarm_ws_em0/build/manual_move_action && /usr/bin/cmake -E cmake_depends "Unix Makefiles" /home/ws/roarm_ws_em0/src/roarm_main/manual_move_action /home/ws/roarm_ws_em0/src/roarm_main/manual_move_action /home/ws/roarm_ws_em0/build/manual_move_action /home/ws/roarm_ws_em0/build/manual_move_action /home/ws/roarm_ws_em0/build/manual_move_action/CMakeFiles/ament_cmake_python_copy_manual_move_action.dir/DependInfo.cmake --color=
gmake[2]: Leaving directory '/home/ws/roarm_ws_em0/build/manual_move_action'
/usr/bin/gmake  -f CMakeFiles/manual_move_action__cpp.dir/build.make CMakeFiles/manual_move_action__cpp.dir/build
gmake[2]: Entering directory '/home/ws/roarm_ws_em0/build/manual_move_action'
gmake[2]: Leaving directory '/home/ws/roarm_ws_em0/build/manual_move_action'
gmake[2]: Nothing to be done for 'CMakeFiles/manual_move_action__cpp.dir/build'.
gmake[2]: Leaving directory '/home/ws/roarm_ws_em0/build/manual_move_action'
/usr/bin/gmake  -f CMakeFiles/ament_cmake_python_copy_manual_move_action.dir/build.make CMakeFiles/ament_cmake_python_copy_manual_move_action.dir/build
gmake[2]: Entering directory '/home/ws/roarm_ws_em0/build/manual_move_action'
/usr/bin/cmake -E copy_directory /home/ws/roarm_ws_em0/build/manual_move_action/rosidl_generator_py/manual_move_action /home/ws/roarm_ws_em0/build/manual_move_action/ament_cmake_python/manual_move_action/manual_move_action
Dependencies file "CMakeFiles/manual_move_action__rosidl_generator_c.dir/rosidl_generator_c/manual_move_action/action/detail/move_info__functions.c.o.d" is newer than depends file "/home/ws/roarm_ws_em0/build/manual_move_action/CMakeFiles/manual_move_action__rosidl_generator_c.dir/compiler_depend.internal".
[35m[1mConsolidate compiler generated dependencies of target manual_move_action__rosidl_generator_c[0m
gmake[2]: Leaving directory '/home/ws/roarm_ws_em0/build/manual_move_action'
/usr/bin/gmake  -f CMakeFiles/manual_move_action__rosidl_generator_c.dir/build.make CMakeFiles/manual_move_action__rosidl_generator_c.dir/build
[  2%] Built target manual_move_action__cpp
gmake[2]: Entering directory '/home/ws/roarm_ws_em0/build/manual_move_action'
/usr/bin/gmake  -f CMakeFiles/manual_move_action__rosidl_typesupport_cpp.dir/build.make CMakeFiles/manual_move_action__rosidl_typesupport_cpp.dir/depend
/usr/bin/gmake  -f CMakeFiles/manual_move_action__rosidl_typesupport_fastrtps_cpp.dir/build.make CMakeFiles/manual_move_action__rosidl_typesupport_fastrtps_cpp.dir/depend
gmake[2]: Entering directory '/home/ws/roarm_ws_em0/build/manual_move_action'
cd /home/ws/roarm_ws_em0/build/manual_move_action && /usr/bin/cmake -E cmake_depends "Unix Makefiles" /home/ws/roarm_ws_em0/src/roarm_main/manual_move_action /home/ws/roarm_ws_em0/src/roarm_main/manual_move_action /home/ws/roarm_ws_em0/build/manual_move_action /home/ws/roarm_ws_em0/build/manual_move_action /home/ws/roarm_ws_em0/build/manual_move_action/CMakeFiles/manual_move_action__rosidl_typesupport_cpp.dir/DependInfo.cmake --color=
gmake[2]: Leaving directory '/home/ws/roarm_ws_em0/build/manual_move_action'
gmake[2]: Entering directory '/home/ws/roarm_ws_em0/build/manual_move_action'
cd /home/ws/roarm_ws_em0/build/manual_move_action && /usr/bin/cmake -E cmake_depends "Unix Makefiles" /home/ws/roarm_ws_em0/src/roarm_main/manual_move_action /home/ws/roarm_ws_em0/src/roarm_main/manual_move_action /home/ws/roarm_ws_em0/build/manual_move_action /home/ws/roarm_ws_em0/build/manual_move_action /home/ws/roarm_ws_em0/build/manual_move_action/CMakeFiles/manual_move_action__rosidl_typesupport_fastrtps_cpp.dir/DependInfo.cmake --color=
[  5%] [32m[1mLinking C shared library libmanual_move_action__rosidl_generator_c.so[0m
/usr/bin/cmake -E cmake_link_script CMakeFiles/manual_move_action__rosidl_generator_c.dir/link.txt --verbose=1
Dependencies file "CMakeFiles/manual_move_action__rosidl_typesupport_cpp.dir/rosidl_typesupport_cpp/manual_move_action/action/move_info__type_support.cpp.o.d" is newer than depends file "/home/ws/roarm_ws_em0/build/manual_move_action/CMakeFiles/manual_move_action__rosidl_typesupport_cpp.dir/compiler_depend.internal".
Dependencies file "CMakeFiles/manual_move_action__rosidl_typesupport_fastrtps_cpp.dir/rosidl_typesupport_fastrtps_cpp/manual_move_action/action/detail/dds_fastrtps/move_info__type_support.cpp.o.d" is newer than depends file "/home/ws/roarm_ws_em0/build/manual_move_action/CMakeFiles/manual_move_action__rosidl_typesupport_fastrtps_cpp.dir/compiler_depend.internal".
[35m[1mConsolidate compiler generated dependencies of target manual_move_action__rosidl_typesupport_fastrtps_cpp[0m
[35m[1mConsolidate compiler generated dependencies of target manual_move_action__rosidl_typesupport_cpp[0m
[  5%] Built target ament_cmake_python_copy_manual_move_action
/usr/bin/gmake  -f CMakeFiles/manual_move_action__rosidl_typesupport_introspection_cpp.dir/build.make CMakeFiles/manual_move_action__rosidl_typesupport_introspection_cpp.dir/depend
/usr/bin/cc -fPIC -shared -Wl,-soname,libmanual_move_action__rosidl_generator_c.so -o libmanual_move_action__rosidl_generator_c.so CMakeFiles/manual_move_action__rosidl_generator_c.dir/rosidl_generator_c/manual_move_action/action/detail/move_info__functions.c.o  -Wl,-rpath,/opt/ros/humble/lib: /opt/ros/humble/lib/libaction_msgs__rosidl_generator_c.so /opt/ros/humble/lib/libbuiltin_interfaces__rosidl_generator_c.so /opt/ros/humble/lib/libunique_identifier_msgs__rosidl_generator_c.so /opt/ros/humble/lib/librosidl_runtime_c.so /opt/ros/humble/lib/librcutils.so -ldl 
gmake[2]: Leaving directory '/home/ws/roarm_ws_em0/build/manual_move_action'
/usr/bin/gmake  -f CMakeFiles/manual_move_action__rosidl_typesupport_fastrtps_cpp.dir/build.make CMakeFiles/manual_move_action__rosidl_typesupport_fastrtps_cpp.dir/build
gmake[2]: Entering directory '/home/ws/roarm_ws_em0/build/manual_move_action'
cd /home/ws/roarm_ws_em0/build/manual_move_action && /usr/bin/cmake -E cmake_depends "Unix Makefiles" /home/ws/roarm_ws_em0/src/roarm_main/manual_move_action /home/ws/roarm_ws_em0/src/roarm_main/manual_move_action /home/ws/roarm_ws_em0/build/manual_move_action /home/ws/roarm_ws_em0/build/manual_move_action /home/ws/roarm_ws_em0/build/manual_move_action/CMakeFiles/manual_move_action__rosidl_typesupport_introspection_cpp.dir/DependInfo.cmake --color=
gmake[2]: Leaving directory '/home/ws/roarm_ws_em0/build/manual_move_action'
gmake[2]: Entering directory '/home/ws/roarm_ws_em0/build/manual_move_action'
/usr/bin/gmake  -f CMakeFiles/manual_move_action__rosidl_typesupport_cpp.dir/build.make CMakeFiles/manual_move_action__rosidl_typesupport_cpp.dir/build
gmake[2]: Entering directory '/home/ws/roarm_ws_em0/build/manual_move_action'
[  8%] [32m[1mLinking CXX shared library libmanual_move_action__rosidl_typesupport_cpp.so[0m
/usr/bin/cmake -E cmake_link_script CMakeFiles/manual_move_action__rosidl_typesupport_cpp.dir/link.txt --verbose=1
[ 11%] [32m[1mLinking CXX shared library libmanual_move_action__rosidl_typesupport_fastrtps_cpp.so[0m
Dependencies file "CMakeFiles/manual_move_action__rosidl_typesupport_introspection_cpp.dir/rosidl_typesupport_introspection_cpp/manual_move_action/action/detail/move_info__type_support.cpp.o.d" is newer than depends file "/home/ws/roarm_ws_em0/build/manual_move_action/CMakeFiles/manual_move_action__rosidl_typesupport_introspection_cpp.dir/compiler_depend.internal".
/usr/bin/cmake -E cmake_link_script CMakeFiles/manual_move_action__rosidl_typesupport_fastrtps_cpp.dir/link.txt --verbose=1
[35m[1mConsolidate compiler generated dependencies of target manual_move_action__rosidl_typesupport_introspection_cpp[0m
/usr/bin/c++ -fPIC -shared -Wl,-soname,libmanual_move_action__rosidl_typesupport_cpp.so -o libmanual_move_action__rosidl_typesupport_cpp.so CMakeFiles/manual_move_action__rosidl_typesupport_cpp.dir/rosidl_typesupport_cpp/manual_move_action/action/move_info__type_support.cpp.o  -Wl,-rpath,/opt/ros/humble/lib: /opt/ros/humble/lib/libaction_msgs__rosidl_typesupport_cpp.so /opt/ros/humble/lib/libbuiltin_interfaces__rosidl_typesupport_cpp.so /opt/ros/humble/lib/libunique_identifier_msgs__rosidl_typesupport_cpp.so /opt/ros/humble/lib/librosidl_typesupport_cpp.so /opt/ros/humble/lib/librosidl_typesupport_c.so /opt/ros/humble/lib/librosidl_runtime_c.so /opt/ros/humble/lib/librcutils.so -ldl -Wl,-rpath-link,/opt/ros/humble/lib 
gmake[2]: Leaving directory '/home/ws/roarm_ws_em0/build/manual_move_action'
/usr/bin/gmake  -f CMakeFiles/manual_move_action__rosidl_typesupport_introspection_cpp.dir/build.make CMakeFiles/manual_move_action__rosidl_typesupport_introspection_cpp.dir/build
gmake[2]: Leaving directory '/home/ws/roarm_ws_em0/build/manual_move_action'
/usr/bin/c++ -fPIC -shared -Wl,-soname,libmanual_move_action__rosidl_typesupport_fastrtps_cpp.so -o libmanual_move_action__rosidl_typesupport_fastrtps_cpp.so CMakeFiles/manual_move_action__rosidl_typesupport_fastrtps_cpp.dir/rosidl_typesupport_fastrtps_cpp/manual_move_action/action/detail/dds_fastrtps/move_info__type_support.cpp.o  -Wl,-rpath,/opt/ros/humble/lib: /opt/ros/humble/lib/libaction_msgs__rosidl_typesupport_fastrtps_cpp.so /opt/ros/humble/lib/libbuiltin_interfaces__rosidl_typesupport_fastrtps_cpp.so /opt/ros/humble/lib/libunique_identifier_msgs__rosidl_typesupport_fastrtps_cpp.so /opt/ros/humble/lib/librosidl_typesupport_fastrtps_cpp.so /opt/ros/humble/lib/libfastcdr.so.1.0.24 /opt/ros/humble/lib/librmw.so /opt/ros/humble/lib/librosidl_runtime_c.so /opt/ros/humble/lib/librcutils.so -ldl 
gmake[2]: Entering directory '/home/ws/roarm_ws_em0/build/manual_move_action'
gmake[2]: Leaving directory '/home/ws/roarm_ws_em0/build/manual_move_action'
[ 17%] [32m[1mLinking CXX shared library libmanual_move_action__rosidl_typesupport_introspection_cpp.so[0m
/usr/bin/cmake -E cmake_link_script CMakeFiles/manual_move_action__rosidl_typesupport_introspection_cpp.dir/link.txt --verbose=1
[ 20%] Built target manual_move_action__rosidl_generator_c
/usr/bin/gmake  -f CMakeFiles/ament_cmake_python_build_manual_move_action_egg.dir/build.make CMakeFiles/ament_cmake_python_build_manual_move_action_egg.dir/depend
[ 25%] Built target manual_move_action__rosidl_typesupport_cpp
gmake[2]: Entering directory '/home/ws/roarm_ws_em0/build/manual_move_action'
cd /home/ws/roarm_ws_em0/build/manual_move_action && /usr/bin/cmake -E cmake_depends "Unix Makefiles" /home/ws/roarm_ws_em0/src/roarm_main/manual_move_action /home/ws/roarm_ws_em0/src/roarm_main/manual_move_action /home/ws/roarm_ws_em0/build/manual_move_action /home/ws/roarm_ws_em0/build/manual_move_action /home/ws/roarm_ws_em0/build/manual_move_action/CMakeFiles/ament_cmake_python_build_manual_move_action_egg.dir/DependInfo.cmake --color=
/usr/bin/gmake  -f CMakeFiles/manual_move_action__rosidl_typesupport_fastrtps_c.dir/build.make CMakeFiles/manual_move_action__rosidl_typesupport_fastrtps_c.dir/depend
/usr/bin/c++ -fPIC -shared -Wl,-soname,libmanual_move_action__rosidl_typesupport_introspection_cpp.so -o libmanual_move_action__rosidl_typesupport_introspection_cpp.so CMakeFiles/manual_move_action__rosidl_typesupport_introspection_cpp.dir/rosidl_typesupport_introspection_cpp/manual_move_action/action/detail/move_info__type_support.cpp.o  -Wl,-rpath,/opt/ros/humble/lib: /opt/ros/humble/lib/libaction_msgs__rosidl_typesupport_introspection_cpp.so /opt/ros/humble/lib/libbuiltin_interfaces__rosidl_typesupport_introspection_cpp.so /opt/ros/humble/lib/libunique_identifier_msgs__rosidl_typesupport_introspection_cpp.so /opt/ros/humble/lib/librosidl_typesupport_introspection_cpp.so /opt/ros/humble/lib/librosidl_typesupport_introspection_c.so /opt/ros/humble/lib/librosidl_runtime_c.so /opt/ros/humble/lib/librcutils.so -ldl 
gmake[2]: Entering directory '/home/ws/roarm_ws_em0/build/manual_move_action'
cd /home/ws/roarm_ws_em0/build/manual_move_action && /usr/bin/cmake -E cmake_depends "Unix Makefiles" /home/ws/roarm_ws_em0/src/roarm_main/manual_move_action /home/ws/roarm_ws_em0/src/roarm_main/manual_move_action /home/ws/roarm_ws_em0/build/manual_move_action /home/ws/roarm_ws_em0/build/manual_move_action /home/ws/roarm_ws_em0/build/manual_move_action/CMakeFiles/manual_move_action__rosidl_typesupport_fastrtps_c.dir/DependInfo.cmake --color=
gmake[2]: Leaving directory '/home/ws/roarm_ws_em0/build/manual_move_action'
/usr/bin/gmake  -f CMakeFiles/ament_cmake_python_build_manual_move_action_egg.dir/build.make CMakeFiles/ament_cmake_python_build_manual_move_action_egg.dir/build
Dependencies file "CMakeFiles/manual_move_action__rosidl_typesupport_fastrtps_c.dir/rosidl_typesupport_fastrtps_c/manual_move_action/action/detail/move_info__type_support_c.cpp.o.d" is newer than depends file "/home/ws/roarm_ws_em0/build/manual_move_action/CMakeFiles/manual_move_action__rosidl_typesupport_fastrtps_c.dir/compiler_depend.internal".
[35m[1mConsolidate compiler generated dependencies of target manual_move_action__rosidl_typesupport_fastrtps_c[0m
gmake[2]: Entering directory '/home/ws/roarm_ws_em0/build/manual_move_action'
cd /home/ws/roarm_ws_em0/build/manual_move_action/ament_cmake_python/manual_move_action && /usr/bin/python3 setup.py egg_info
gmake[2]: Leaving directory '/home/ws/roarm_ws_em0/build/manual_move_action'
/usr/bin/gmake  -f CMakeFiles/manual_move_action__rosidl_typesupport_fastrtps_c.dir/build.make CMakeFiles/manual_move_action__rosidl_typesupport_fastrtps_c.dir/build
gmake[2]: Entering directory '/home/ws/roarm_ws_em0/build/manual_move_action'
[ 28%] [32m[1mLinking CXX shared library libmanual_move_action__rosidl_typesupport_fastrtps_c.so[0m
/usr/bin/cmake -E cmake_link_script CMakeFiles/manual_move_action__rosidl_typesupport_fastrtps_c.dir/link.txt --verbose=1
gmake[2]: Leaving directory '/home/ws/roarm_ws_em0/build/manual_move_action'
/usr/bin/c++ -fPIC -shared -Wl,-soname,libmanual_move_action__rosidl_typesupport_fastrtps_c.so -o libmanual_move_action__rosidl_typesupport_fastrtps_c.so CMakeFiles/manual_move_action__rosidl_typesupport_fastrtps_c.dir/rosidl_typesupport_fastrtps_c/manual_move_action/action/detail/move_info__type_support_c.cpp.o  -Wl,-rpath,/home/ws/roarm_ws_em0/build/manual_move_action:/opt/ros/humble/lib: libmanual_move_action__rosidl_generator_c.so /opt/ros/humble/lib/libaction_msgs__rosidl_typesupport_fastrtps_c.so /opt/ros/humble/lib/libbuiltin_interfaces__rosidl_typesupport_fastrtps_c.so /opt/ros/humble/lib/libunique_identifier_msgs__rosidl_typesupport_fastrtps_c.so /opt/ros/humble/lib/librosidl_typesupport_fastrtps_cpp.so /opt/ros/humble/lib/libfastcdr.so.1.0.24 /opt/ros/humble/lib/librmw.so /opt/ros/humble/lib/librosidl_typesupport_fastrtps_c.so /opt/ros/humble/lib/libaction_msgs__rosidl_generator_c.so /opt/ros/humble/lib/libbuiltin_interfaces__rosidl_generator_c.so /opt/ros/humble/lib/libunique_identifier_msgs__rosidl_generator_c.so /opt/ros/humble/lib/librosidl_runtime_c.so /opt/ros/humble/lib/librcutils.so -ldl 
[ 34%] Built target manual_move_action__rosidl_typesupport_fastrtps_cpp
/usr/bin/gmake  -f CMakeFiles/manual_move_action__rosidl_typesupport_introspection_c.dir/build.make CMakeFiles/manual_move_action__rosidl_typesupport_introspection_c.dir/depend
gmake[2]: Entering directory '/home/ws/roarm_ws_em0/build/manual_move_action'
cd /home/ws/roarm_ws_em0/build/manual_move_action && /usr/bin/cmake -E cmake_depends "Unix Makefiles" /home/ws/roarm_ws_em0/src/roarm_main/manual_move_action /home/ws/roarm_ws_em0/src/roarm_main/manual_move_action /home/ws/roarm_ws_em0/build/manual_move_action /home/ws/roarm_ws_em0/build/manual_move_action /home/ws/roarm_ws_em0/build/manual_move_action/CMakeFiles/manual_move_action__rosidl_typesupport_introspection_c.dir/DependInfo.cmake --color=
Dependencies file "CMakeFiles/manual_move_action__rosidl_typesupport_introspection_c.dir/rosidl_typesupport_introspection_c/manual_move_action/action/detail/move_info__type_support.c.o.d" is newer than depends file "/home/ws/roarm_ws_em0/build/manual_move_action/CMakeFiles/manual_move_action__rosidl_typesupport_introspection_c.dir/compiler_depend.internal".
[35m[1mConsolidate compiler generated dependencies of target manual_move_action__rosidl_typesupport_introspection_c[0m
gmake[2]: Leaving directory '/home/ws/roarm_ws_em0/build/manual_move_action'
/usr/bin/gmake  -f CMakeFiles/manual_move_action__rosidl_typesupport_introspection_c.dir/build.make CMakeFiles/manual_move_action__rosidl_typesupport_introspection_c.dir/build
gmake[2]: Entering directory '/home/ws/roarm_ws_em0/build/manual_move_action'
gmake[2]: Leaving directory '/home/ws/roarm_ws_em0/build/manual_move_action'
[ 37%] [32m[1mLinking C shared library libmanual_move_action__rosidl_typesupport_introspection_c.so[0m
/usr/bin/cmake -E cmake_link_script CMakeFiles/manual_move_action__rosidl_typesupport_introspection_c.dir/link.txt --verbose=1
[ 42%] Built target manual_move_action__rosidl_typesupport_introspection_cpp
/usr/bin/gmake  -f CMakeFiles/manual_move_action__rosidl_typesupport_c.dir/build.make CMakeFiles/manual_move_action__rosidl_typesupport_c.dir/depend
/usr/bin/cc -fPIC -shared -Wl,-soname,libmanual_move_action__rosidl_typesupport_introspection_c.so -o libmanual_move_action__rosidl_typesupport_introspection_c.so CMakeFiles/manual_move_action__rosidl_typesupport_introspection_c.dir/rosidl_typesupport_introspection_c/manual_move_action/action/detail/move_info__type_support.c.o  -Wl,-rpath,/home/ws/roarm_ws_em0/build/manual_move_action:/opt/ros/humble/lib: libmanual_move_action__rosidl_generator_c.so /opt/ros/humble/lib/libaction_msgs__rosidl_typesupport_introspection_c.so /opt/ros/humble/lib/libbuiltin_interfaces__rosidl_typesupport_introspection_c.so /opt/ros/humble/lib/libunique_identifier_msgs__rosidl_typesupport_introspection_c.so /opt/ros/humble/lib/librosidl_typesupport_introspection_c.so /opt/ros/humble/lib/libaction_msgs__rosidl_generator_c.so /opt/ros/humble/lib/libbuiltin_interfaces__rosidl_generator_c.so /opt/ros/humble/lib/libunique_identifier_msgs__rosidl_generator_c.so /opt/ros/humble/lib/librosidl_runtime_c.so /opt/ros/humble/lib/librcutils.so -ldl 
gmake[2]: Entering directory '/home/ws/roarm_ws_em0/build/manual_move_action'
cd /home/ws/roarm_ws_em0/build/manual_move_action && /usr/bin/cmake -E cmake_depends "Unix Makefiles" /home/ws/roarm_ws_em0/src/roarm_main/manual_move_action /home/ws/roarm_ws_em0/src/roarm_main/manual_move_action /home/ws/roarm_ws_em0/build/manual_move_action /home/ws/roarm_ws_em0/build/manual_move_action /home/ws/roarm_ws_em0/build/manual_move_action/CMakeFiles/manual_move_action__rosidl_typesupport_c.dir/DependInfo.cmake --color=
Dependencies file "CMakeFiles/manual_move_action__rosidl_typesupport_c.dir/rosidl_typesupport_c/manual_move_action/action/move_info__type_support.cpp.o.d" is newer than depends file "/home/ws/roarm_ws_em0/build/manual_move_action/CMakeFiles/manual_move_action__rosidl_typesupport_c.dir/compiler_depend.internal".
[35m[1mConsolidate compiler generated dependencies of target manual_move_action__rosidl_typesupport_c[0m
gmake[2]: Leaving directory '/home/ws/roarm_ws_em0/build/manual_move_action'
gmake[2]: Leaving directory '/home/ws/roarm_ws_em0/build/manual_move_action'
gmake[2]: Leaving directory '/home/ws/roarm_ws_em0/build/manual_move_action'
/usr/bin/gmake  -f CMakeFiles/manual_move_action__rosidl_typesupport_c.dir/build.make CMakeFiles/manual_move_action__rosidl_typesupport_c.dir/build
[ 48%] Built target manual_move_action__rosidl_typesupport_fastrtps_c
gmake[2]: Entering directory '/home/ws/roarm_ws_em0/build/manual_move_action'
/usr/bin/gmake  -f CMakeFiles/manual_move_client.dir/build.make CMakeFiles/manual_move_client.dir/depend
[ 54%] Built target manual_move_action__rosidl_typesupport_introspection_c
gmake[2]: Entering directory '/home/ws/roarm_ws_em0/build/manual_move_action'
cd /home/ws/roarm_ws_em0/build/manual_move_action && /usr/bin/cmake -E cmake_depends "Unix Makefiles" /home/ws/roarm_ws_em0/src/roarm_main/manual_move_action /home/ws/roarm_ws_em0/src/roarm_main/manual_move_action /home/ws/roarm_ws_em0/build/manual_move_action /home/ws/roarm_ws_em0/build/manual_move_action /home/ws/roarm_ws_em0/build/manual_move_action/CMakeFiles/manual_move_client.dir/DependInfo.cmake --color=
/usr/bin/gmake  -f CMakeFiles/manual_move_server.dir/build.make CMakeFiles/manual_move_server.dir/depend
gmake[2]: Entering directory '/home/ws/roarm_ws_em0/build/manual_move_action'
cd /home/ws/roarm_ws_em0/build/manual_move_action && /usr/bin/cmake -E cmake_depends "Unix Makefiles" /home/ws/roarm_ws_em0/src/roarm_main/manual_move_action /home/ws/roarm_ws_em0/src/roarm_main/manual_move_action /home/ws/roarm_ws_em0/build/manual_move_action /home/ws/roarm_ws_em0/build/manual_move_action /home/ws/roarm_ws_em0/build/manual_move_action/CMakeFiles/manual_move_server.dir/DependInfo.cmake --color=
[ 57%] [32m[1mLinking CXX shared library libmanual_move_action__rosidl_typesupport_c.so[0m
/usr/bin/cmake -E cmake_link_script CMakeFiles/manual_move_action__rosidl_typesupport_c.dir/link.txt --verbose=1
gmake[2]: Leaving directory '/home/ws/roarm_ws_em0/build/manual_move_action'
/usr/bin/gmake  -f CMakeFiles/manual_move_server.dir/build.make CMakeFiles/manual_move_server.dir/build
gmake[2]: Entering directory '/home/ws/roarm_ws_em0/build/manual_move_action'
/usr/bin/c++ -fPIC -shared -Wl,-soname,libmanual_move_action__rosidl_typesupport_c.so -o libmanual_move_action__rosidl_typesupport_c.so CMakeFiles/manual_move_action__rosidl_typesupport_c.dir/rosidl_typesupport_c/manual_move_action/action/move_info__type_support.cpp.o  -Wl,-rpath,/home/ws/roarm_ws_em0/build/manual_move_action:/opt/ros/humble/lib: libmanual_move_action__rosidl_generator_c.so /opt/ros/humble/lib/libaction_msgs__rosidl_typesupport_c.so /opt/ros/humble/lib/libbuiltin_interfaces__rosidl_typesupport_c.so /opt/ros/humble/lib/libunique_identifier_msgs__rosidl_typesupport_c.so /opt/ros/humble/lib/librosidl_typesupport_c.so /opt/ros/humble/lib/libaction_msgs__rosidl_generator_c.so /opt/ros/humble/lib/libbuiltin_interfaces__rosidl_generator_c.so /opt/ros/humble/lib/libunique_identifier_msgs__rosidl_generator_c.so /opt/ros/humble/lib/librosidl_runtime_c.so /opt/ros/humble/lib/librcutils.so -ldl -Wl,-rpath-link,/opt/ros/humble/lib 
gmake[2]: Leaving directory '/home/ws/roarm_ws_em0/build/manual_move_action'
/usr/bin/gmake  -f CMakeFiles/manual_move_client.dir/build.make CMakeFiles/manual_move_client.dir/build
gmake[2]: Entering directory '/home/ws/roarm_ws_em0/build/manual_move_action'
[ 60%] [32mBuilding CXX object CMakeFiles/manual_move_client.dir/src/manual_move_client.cpp.o[0m
/usr/bin/c++ -DDEFAULT_RMW_IMPLEMENTATION=rmw_fastrtps_cpp -DRCUTILS_ENABLE_FAULT_INJECTION -DROS_PACKAGE_NAME=\"manual_move_action\" -I/home/ws/roarm_ws_em0/build/manual_move_action/rosidl_generator_cpp -isystem /opt/ros/humble/include/rclcpp -isystem /opt/ros/humble/include/rclcpp_action -isystem /opt/ros/humble/include/rclcpp_components -isystem /opt/ros/humble/include/ament_index_cpp -isystem /opt/ros/humble/include/libstatistics_collector -isystem /opt/ros/humble/include/builtin_interfaces -isystem /opt/ros/humble/include/rosidl_runtime_c -isystem /opt/ros/humble/include/rcutils -isystem /opt/ros/humble/include/rosidl_typesupport_interface -isystem /opt/ros/humble/include/fastcdr -isystem /opt/ros/humble/include/rosidl_runtime_cpp -isystem /opt/ros/humble/include/rosidl_typesupport_fastrtps_cpp -isystem /opt/ros/humble/include/rmw -isystem /opt/ros/humble/include/rosidl_typesupport_fastrtps_c -isystem /opt/ros/humble/include/rosidl_typesupport_introspection_c -isystem /opt/ros/humble/include/rosidl_typesupport_introspection_cpp -isystem /opt/ros/humble/include/rcl -isystem /opt/ros/humble/include/rcl_interfaces -isystem /opt/ros/humble/include/rcl_logging_interface -isystem /opt/ros/humble/include/rcl_yaml_param_parser -isystem /opt/ros/humble/include/libyaml_vendor -isystem /opt/ros/humble/include/tracetools -isystem /opt/ros/humble/include/rcpputils -isystem /opt/ros/humble/include/statistics_msgs -isystem /opt/ros/humble/include/rosgraph_msgs -isystem /opt/ros/humble/include/rosidl_typesupport_cpp -isystem /opt/ros/humble/include/rosidl_typesupport_c -isystem /opt/ros/humble/include/action_msgs -isystem /opt/ros/humble/include/unique_identifier_msgs -isystem /opt/ros/humble/include/rcl_action -isystem /opt/ros/humble/include/class_loader -isystem /opt/ros/humble/include/composition_interfaces -Wall -Wextra -Wpedantic -MD -MT CMakeFiles/manual_move_client.dir/src/manual_move_client.cpp.o -MF CMakeFiles/manual_move_client.dir/src/manual_move_client.cpp.o.d -o CMakeFiles/manual_move_client.dir/src/manual_move_client.cpp.o -c /home/ws/roarm_ws_em0/src/roarm_main/manual_move_action/src/manual_move_client.cpp
gmake[2]: Leaving directory '/home/ws/roarm_ws_em0/build/manual_move_action'
[ 62%] [32mBuilding CXX object CMakeFiles/manual_move_server.dir/src/manual_move_server.cpp.o[0m
/usr/bin/c++ -DDEFAULT_RMW_IMPLEMENTATION=rmw_fastrtps_cpp -DRCUTILS_ENABLE_FAULT_INJECTION -DROS_PACKAGE_NAME=\"manual_move_action\" -I/home/ws/roarm_ws_em0/build/manual_move_action/rosidl_generator_cpp -isystem /opt/ros/humble/include/rclcpp -isystem /opt/ros/humble/include/rclcpp_action -isystem /opt/ros/humble/include/rclcpp_components -isystem /opt/ros/humble/include/ament_index_cpp -isystem /opt/ros/humble/include/libstatistics_collector -isystem /opt/ros/humble/include/builtin_interfaces -isystem /opt/ros/humble/include/rosidl_runtime_c -isystem /opt/ros/humble/include/rcutils -isystem /opt/ros/humble/include/rosidl_typesupport_interface -isystem /opt/ros/humble/include/fastcdr -isystem /opt/ros/humble/include/rosidl_runtime_cpp -isystem /opt/ros/humble/include/rosidl_typesupport_fastrtps_cpp -isystem /opt/ros/humble/include/rmw -isystem /opt/ros/humble/include/rosidl_typesupport_fastrtps_c -isystem /opt/ros/humble/include/rosidl_typesupport_introspection_c -isystem /opt/ros/humble/include/rosidl_typesupport_introspection_cpp -isystem /opt/ros/humble/include/rcl -isystem /opt/ros/humble/include/rcl_interfaces -isystem /opt/ros/humble/include/rcl_logging_interface -isystem /opt/ros/humble/include/rcl_yaml_param_parser -isystem /opt/ros/humble/include/libyaml_vendor -isystem /opt/ros/humble/include/tracetools -isystem /opt/ros/humble/include/rcpputils -isystem /opt/ros/humble/include/statistics_msgs -isystem /opt/ros/humble/include/rosgraph_msgs -isystem /opt/ros/humble/include/rosidl_typesupport_cpp -isystem /opt/ros/humble/include/rosidl_typesupport_c -isystem /opt/ros/humble/include/action_msgs -isystem /opt/ros/humble/include/unique_identifier_msgs -isystem /opt/ros/humble/include/rcl_action -isystem /opt/ros/humble/include/class_loader -isystem /opt/ros/humble/include/composition_interfaces -Wall -Wextra -Wpedantic -MD -MT CMakeFiles/manual_move_server.dir/src/manual_move_server.cpp.o -MF CMakeFiles/manual_move_server.dir/src/manual_move_server.cpp.o.d -o CMakeFiles/manual_move_server.dir/src/manual_move_server.cpp.o -c /home/ws/roarm_ws_em0/src/roarm_main/manual_move_action/src/manual_move_server.cpp
[ 68%] Built target manual_move_action__rosidl_typesupport_c
/usr/bin/gmake  -f CMakeFiles/manual_move_action.dir/build.make CMakeFiles/manual_move_action.dir/depend
gmake[2]: Entering directory '/home/ws/roarm_ws_em0/build/manual_move_action'
cd /home/ws/roarm_ws_em0/build/manual_move_action && /usr/bin/cmake -E cmake_depends "Unix Makefiles" /home/ws/roarm_ws_em0/src/roarm_main/manual_move_action /home/ws/roarm_ws_em0/src/roarm_main/manual_move_action /home/ws/roarm_ws_em0/build/manual_move_action /home/ws/roarm_ws_em0/build/manual_move_action /home/ws/roarm_ws_em0/build/manual_move_action/CMakeFiles/manual_move_action.dir/DependInfo.cmake --color=
gmake[2]: Leaving directory '/home/ws/roarm_ws_em0/build/manual_move_action'
/usr/bin/gmake  -f CMakeFiles/manual_move_action.dir/build.make CMakeFiles/manual_move_action.dir/build
gmake[2]: Leaving directory '/home/ws/roarm_ws_em0/build/manual_move_action'
gmake[2]: Entering directory '/home/ws/roarm_ws_em0/build/manual_move_action'
gmake[2]: Nothing to be done for 'CMakeFiles/manual_move_action.dir/build'.
gmake[2]: Leaving directory '/home/ws/roarm_ws_em0/build/manual_move_action'
[01m[K/home/ws/roarm_ws_em0/src/roarm_main/manual_move_action/src/manual_move_client.cpp:6:10:[m[K [01;31m[Kfatal error: [m[Kmanual_move_action/action/MoveInfo.hpp: No such file or directory
    6 | #include [01;31m[K"manual_move_action/action/MoveInfo.hpp"[m[K // Replace with your action path if needed
      |          [01;31m[K^~~~~~~~~~~~~~~~~~~~~~~~~~~~~~~~~~~~~~~~[m[K
compilation terminated.
gmake[2]: *** [CMakeFiles/manual_move_client.dir/build.make:79: CMakeFiles/manual_move_client.dir/src/manual_move_client.cpp.o] Error 1
gmake[1]: *** [CMakeFiles/Makefile2:598: CMakeFiles/manual_move_client.dir/all] Error 2
gmake[1]: *** Waiting for unfinished jobs....
running egg_info
writing manual_move_action.egg-info/PKG-INFO
writing dependency_links to manual_move_action.egg-info/dependency_links.txt
[ 68%] Built target manual_move_action
writing top-level names to manual_move_action.egg-info/top_level.txt
reading manifest file 'manual_move_action.egg-info/SOURCES.txt'
writing manifest file 'manual_move_action.egg-info/SOURCES.txt'
gmake[2]: Leaving directory '/home/ws/roarm_ws_em0/build/manual_move_action'
[ 68%] Built target ament_cmake_python_build_manual_move_action_egg
[01m[K/home/ws/roarm_ws_em0/src/roarm_main/manual_move_action/src/manual_move_server.cpp:13:10:[m[K [01;31m[Kfatal error: [m[Kmanual_move_action/action/MoveInfo.hpp: No such file or directory
   13 | #include [01;31m[K"manual_move_action/action/MoveInfo.hpp"[m[K // <-- Replace with your actual action header
      |          [01;31m[K^~~~~~~~~~~~~~~~~~~~~~~~~~~~~~~~~~~~~~~~[m[K
compilation terminated.
gmake[2]: *** [CMakeFiles/manual_move_server.dir/build.make:79: CMakeFiles/manual_move_server.dir/src/manual_move_server.cpp.o] Error 1
gmake[1]: *** [CMakeFiles/Makefile2:625: CMakeFiles/manual_move_server.dir/all] Error 2
gmake: *** [Makefile:149: all] Error 2
gmake[2]: Leaving directory '/home/ws/roarm_ws_em0/build/manual_move_action'
gmake[1]: Leaving directory '/home/ws/roarm_ws_em0/build/manual_move_action'
