[0.012s] Invoking command in '/home/ws/roarm_ws_em0/build/manual_move_action': CMAKE_PREFIX_PATH=${CMAKE_PREFIX_PATH}:/home/ws/roarm_ws_em0/install/ros2web_widgets:/home/ws/roarm_ws_em0/install/ros2web_example_py:/home/ws/roarm_ws_em0/install/roarm_web_app:/home/ws/roarm_ws_em0/install/ros2web_app:/home/ws/roarm_ws_em0/install/ros2web:/home/ws/roarm_ws_em0/install/roarm_driver:/home/ws/roarm_ws_em0/install/launch_api:/opt/ros/humble /usr/bin/cmake /home/ws/roarm_ws_em0/src/roarm_main/manual_move_action -DCMAKE_VERBOSE_MAKEFILE=ON -DCMAKE_INSTALL_PREFIX=/home/ws/roarm_ws_em0/install/manual_move_action
[0.086s] -- The C compiler identification is GNU 11.4.0
[0.154s] -- The CXX compiler identification is GNU 11.4.0
[0.163s] -- Detecting C compiler ABI info
[0.252s] -- Detecting C compiler ABI info - done
[0.264s] -- Check for working C compiler: /usr/bin/cc - skipped
[0.265s] -- Detecting C compile features
[0.265s] -- Detecting C compile features - done
[0.265s] -- Detecting CXX compiler ABI info
[0.360s] -- Detecting CXX compiler ABI info - done
[0.371s] -- Check for working CXX compiler: /usr/bin/c++ - skipped
[0.371s] -- Detecting CXX compile features
[0.371s] -- Detecting CXX compile features - done
[0.371s] -- Found ament_cmake: 1.3.10 (/opt/ros/humble/share/ament_cmake/cmake)
[0.533s] -- Found Python3: /usr/bin/python3 (found version "3.10.12") found components: Interpreter 
[0.604s] -- Found rclcpp: 16.0.10 (/opt/ros/humble/share/rclcpp/cmake)
[0.640s] -- Found rosidl_generator_c: 3.1.5 (/opt/ros/humble/share/rosidl_generator_c/cmake)
[0.643s] -- Found rosidl_adapter: 3.1.5 (/opt/ros/humble/share/rosidl_adapter/cmake)
[0.652s] -- Found rosidl_generator_cpp: 3.1.5 (/opt/ros/humble/share/rosidl_generator_cpp/cmake)
[0.660s] -- Using all available rosidl_typesupport_c: rosidl_typesupport_fastrtps_c;rosidl_typesupport_introspection_c
[0.673s] -- Using all available rosidl_typesupport_cpp: rosidl_typesupport_fastrtps_cpp;rosidl_typesupport_introspection_cpp
[0.711s] -- Found rmw_implementation_cmake: 6.1.2 (/opt/ros/humble/share/rmw_implementation_cmake/cmake)
[0.712s] -- Found rmw_fastrtps_cpp: 6.2.7 (/opt/ros/humble/share/rmw_fastrtps_cpp/cmake)
[0.808s] -- Found OpenSSL: /usr/lib/x86_64-linux-gnu/libcrypto.so (found version "3.0.2")  
[0.829s] -- Found FastRTPS: /opt/ros/humble/include  
[0.861s] -- Using RMW implementation 'rmw_fastrtps_cpp' as default
[0.868s] -- Looking for pthread.h
[0.950s] -- Looking for pthread.h - found
[0.952s] -- Performing Test CMAKE_HAVE_LIBC_PTHREAD
[1.025s] -- Performing Test CMAKE_HAVE_LIBC_PTHREAD - Success
[1.025s] -- Found Threads: TRUE  
[1.065s] -- Found rclcpp_action: 16.0.10 (/opt/ros/humble/share/rclcpp_action/cmake)
[1.092s] -- Found rclcpp_components: 16.0.10 (/opt/ros/humble/share/rclcpp_components/cmake)
[1.111s] -- Found rosidl_default_generators: 1.2.0 (/opt/ros/humble/share/rosidl_default_generators/cmake)
[1.302s] -- Found ament_cmake_ros: 0.10.0 (/opt/ros/humble/share/ament_cmake_ros/cmake)
[1.571s] -- Using all available rosidl_typesupport_c: rosidl_typesupport_fastrtps_c;rosidl_typesupport_introspection_c
[1.695s] -- Using all available rosidl_typesupport_cpp: rosidl_typesupport_fastrtps_cpp;rosidl_typesupport_introspection_cpp
[1.717s] -- Found PythonInterp: /usr/bin/python3 (found suitable version "3.10.12", minimum required is "3.6") 
[1.717s] -- Found python_cmake_module: 0.10.0 (/opt/ros/humble/share/python_cmake_module/cmake)
[1.741s] -- Found PythonLibs: /usr/lib/x86_64-linux-gnu/libpython3.10.so (found suitable version "3.10.12", minimum required is "3.5") 
[1.741s] -- Using PYTHON_EXECUTABLE: /usr/bin/python3
[1.741s] -- Using PYTHON_INCLUDE_DIRS: /usr/include/python3.10
[1.741s] -- Using PYTHON_LIBRARIES: /usr/lib/x86_64-linux-gnu/libpython3.10.so
[1.763s] -- Found PythonExtra: .so  
[1.817s] -- Found ament_lint_auto: 0.12.11 (/opt/ros/humble/share/ament_lint_auto/cmake)
[1.831s] -- Added test 'copyright' to check source files copyright and LICENSE
[1.832s] -- Added test 'cppcheck' to perform static code analysis on C / C++ code
[1.833s] -- Configured cppcheck include dirs: 
[1.833s] -- Configured cppcheck exclude dirs and/or files: 
[1.833s] -- Added test 'cpplint' to check C / C++ code against the Google style
[1.834s] -- Configured cpplint exclude dirs and/or files: 
[1.837s] -- Added test 'flake8' to check Python code syntax and style conventions
[1.837s] -- Added test 'lint_cmake' to check CMake code style
[1.837s] -- Added test 'pep257' to check Python code against some of the docstring style conventions in PEP 257
[1.837s] -- Added test 'uncrustify' to check C / C++ code style
[1.837s] -- Configured uncrustify additional arguments: 
[1.837s] -- Added test 'xmllint' to check XML markup files
[1.839s] -- Configuring done
[1.904s] -- Generating done
[1.921s] -- Build files have been written to: /home/ws/roarm_ws_em0/build/manual_move_action
[1.933s] Invoked command in '/home/ws/roarm_ws_em0/build/manual_move_action' returned '0': CMAKE_PREFIX_PATH=${CMAKE_PREFIX_PATH}:/home/ws/roarm_ws_em0/install/ros2web_widgets:/home/ws/roarm_ws_em0/install/ros2web_example_py:/home/ws/roarm_ws_em0/install/roarm_web_app:/home/ws/roarm_ws_em0/install/ros2web_app:/home/ws/roarm_ws_em0/install/ros2web:/home/ws/roarm_ws_em0/install/roarm_driver:/home/ws/roarm_ws_em0/install/launch_api:/opt/ros/humble /usr/bin/cmake /home/ws/roarm_ws_em0/src/roarm_main/manual_move_action -DCMAKE_VERBOSE_MAKEFILE=ON -DCMAKE_INSTALL_PREFIX=/home/ws/roarm_ws_em0/install/manual_move_action
[1.937s] Invoking command in '/home/ws/roarm_ws_em0/build/manual_move_action': CMAKE_PREFIX_PATH=${CMAKE_PREFIX_PATH}:/home/ws/roarm_ws_em0/install/ros2web_widgets:/home/ws/roarm_ws_em0/install/ros2web_example_py:/home/ws/roarm_ws_em0/install/roarm_web_app:/home/ws/roarm_ws_em0/install/ros2web_app:/home/ws/roarm_ws_em0/install/ros2web:/home/ws/roarm_ws_em0/install/roarm_driver:/home/ws/roarm_ws_em0/install/launch_api:/opt/ros/humble /usr/bin/cmake --build /home/ws/roarm_ws_em0/build/manual_move_action -- -j4 -l4
[1.958s] /usr/bin/cmake -S/home/ws/roarm_ws_em0/src/roarm_main/manual_move_action -B/home/ws/roarm_ws_em0/build/manual_move_action --check-build-system CMakeFiles/Makefile.cmake 0
[1.986s] /usr/bin/cmake -E cmake_progress_start /home/ws/roarm_ws_em0/build/manual_move_action/CMakeFiles /home/ws/roarm_ws_em0/build/manual_move_action//CMakeFiles/progress.marks
[1.997s] /usr/bin/gmake  -f CMakeFiles/Makefile2 all
[2.000s] gmake[1]: Entering directory '/home/ws/roarm_ws_em0/build/manual_move_action'
[2.000s] /usr/bin/gmake  -f CMakeFiles/manual_move_action__cpp.dir/build.make CMakeFiles/manual_move_action__cpp.dir/depend
[2.000s] /usr/bin/gmake  -f CMakeFiles/manual_move_action__rosidl_generator_c.dir/build.make CMakeFiles/manual_move_action__rosidl_generator_c.dir/depend
[2.002s] gmake[2]: Entering directory '/home/ws/roarm_ws_em0/build/manual_move_action'
[2.002s] cd /home/ws/roarm_ws_em0/build/manual_move_action && /usr/bin/cmake -E cmake_depends "Unix Makefiles" /home/ws/roarm_ws_em0/src/roarm_main/manual_move_action /home/ws/roarm_ws_em0/src/roarm_main/manual_move_action /home/ws/roarm_ws_em0/build/manual_move_action /home/ws/roarm_ws_em0/build/manual_move_action /home/ws/roarm_ws_em0/build/manual_move_action/CMakeFiles/manual_move_action__cpp.dir/DependInfo.cmake --color=
[2.002s] /usr/bin/gmake  -f CMakeFiles/ament_cmake_python_copy_manual_move_action.dir/build.make CMakeFiles/ament_cmake_python_copy_manual_move_action.dir/depend
[2.002s] gmake[2]: Entering directory '/home/ws/roarm_ws_em0/build/manual_move_action'
[2.002s] cd /home/ws/roarm_ws_em0/build/manual_move_action && /usr/bin/cmake -E cmake_depends "Unix Makefiles" /home/ws/roarm_ws_em0/src/roarm_main/manual_move_action /home/ws/roarm_ws_em0/src/roarm_main/manual_move_action /home/ws/roarm_ws_em0/build/manual_move_action /home/ws/roarm_ws_em0/build/manual_move_action /home/ws/roarm_ws_em0/build/manual_move_action/CMakeFiles/manual_move_action__rosidl_generator_c.dir/DependInfo.cmake --color=
[2.005s] gmake[2]: Entering directory '/home/ws/roarm_ws_em0/build/manual_move_action'
[2.005s] cd /home/ws/roarm_ws_em0/build/manual_move_action && /usr/bin/cmake -E cmake_depends "Unix Makefiles" /home/ws/roarm_ws_em0/src/roarm_main/manual_move_action /home/ws/roarm_ws_em0/src/roarm_main/manual_move_action /home/ws/roarm_ws_em0/build/manual_move_action /home/ws/roarm_ws_em0/build/manual_move_action /home/ws/roarm_ws_em0/build/manual_move_action/CMakeFiles/ament_cmake_python_copy_manual_move_action.dir/DependInfo.cmake --color=
[2.017s] gmake[2]: Leaving directory '/home/ws/roarm_ws_em0/build/manual_move_action'
[2.018s] /usr/bin/gmake  -f CMakeFiles/manual_move_action__cpp.dir/build.make CMakeFiles/manual_move_action__cpp.dir/build
[2.018s] gmake[2]: Entering directory '/home/ws/roarm_ws_em0/build/manual_move_action'
[2.020s] gmake[2]: Leaving directory '/home/ws/roarm_ws_em0/build/manual_move_action'
[2.020s] gmake[2]: Nothing to be done for 'CMakeFiles/manual_move_action__cpp.dir/build'.
[2.020s] gmake[2]: Leaving directory '/home/ws/roarm_ws_em0/build/manual_move_action'
[2.020s] /usr/bin/gmake  -f CMakeFiles/ament_cmake_python_copy_manual_move_action.dir/build.make CMakeFiles/ament_cmake_python_copy_manual_move_action.dir/build
[2.025s] gmake[2]: Entering directory '/home/ws/roarm_ws_em0/build/manual_move_action'
[2.027s] /usr/bin/cmake -E copy_directory /home/ws/roarm_ws_em0/build/manual_move_action/rosidl_generator_py/manual_move_action /home/ws/roarm_ws_em0/build/manual_move_action/ament_cmake_python/manual_move_action/manual_move_action
[2.027s] Dependencies file "CMakeFiles/manual_move_action__rosidl_generator_c.dir/rosidl_generator_c/manual_move_action/action/detail/move_info__functions.c.o.d" is newer than depends file "/home/ws/roarm_ws_em0/build/manual_move_action/CMakeFiles/manual_move_action__rosidl_generator_c.dir/compiler_depend.internal".
[2.027s] [35m[1mConsolidate compiler generated dependencies of target manual_move_action__rosidl_generator_c[0m
[2.032s] gmake[2]: Leaving directory '/home/ws/roarm_ws_em0/build/manual_move_action'
[2.036s] /usr/bin/gmake  -f CMakeFiles/manual_move_action__rosidl_generator_c.dir/build.make CMakeFiles/manual_move_action__rosidl_generator_c.dir/build
[2.037s] [  2%] Built target manual_move_action__cpp
[2.037s] gmake[2]: Entering directory '/home/ws/roarm_ws_em0/build/manual_move_action'
[2.038s] /usr/bin/gmake  -f CMakeFiles/manual_move_action__rosidl_typesupport_cpp.dir/build.make CMakeFiles/manual_move_action__rosidl_typesupport_cpp.dir/depend
[2.043s] /usr/bin/gmake  -f CMakeFiles/manual_move_action__rosidl_typesupport_fastrtps_cpp.dir/build.make CMakeFiles/manual_move_action__rosidl_typesupport_fastrtps_cpp.dir/depend
[2.044s] gmake[2]: Entering directory '/home/ws/roarm_ws_em0/build/manual_move_action'
[2.044s] cd /home/ws/roarm_ws_em0/build/manual_move_action && /usr/bin/cmake -E cmake_depends "Unix Makefiles" /home/ws/roarm_ws_em0/src/roarm_main/manual_move_action /home/ws/roarm_ws_em0/src/roarm_main/manual_move_action /home/ws/roarm_ws_em0/build/manual_move_action /home/ws/roarm_ws_em0/build/manual_move_action /home/ws/roarm_ws_em0/build/manual_move_action/CMakeFiles/manual_move_action__rosidl_typesupport_cpp.dir/DependInfo.cmake --color=
[2.050s] gmake[2]: Leaving directory '/home/ws/roarm_ws_em0/build/manual_move_action'
[2.050s] gmake[2]: Entering directory '/home/ws/roarm_ws_em0/build/manual_move_action'
[2.052s] cd /home/ws/roarm_ws_em0/build/manual_move_action && /usr/bin/cmake -E cmake_depends "Unix Makefiles" /home/ws/roarm_ws_em0/src/roarm_main/manual_move_action /home/ws/roarm_ws_em0/src/roarm_main/manual_move_action /home/ws/roarm_ws_em0/build/manual_move_action /home/ws/roarm_ws_em0/build/manual_move_action /home/ws/roarm_ws_em0/build/manual_move_action/CMakeFiles/manual_move_action__rosidl_typesupport_fastrtps_cpp.dir/DependInfo.cmake --color=
[2.052s] [  5%] [32m[1mLinking C shared library libmanual_move_action__rosidl_generator_c.so[0m
[2.053s] /usr/bin/cmake -E cmake_link_script CMakeFiles/manual_move_action__rosidl_generator_c.dir/link.txt --verbose=1
[2.063s] Dependencies file "CMakeFiles/manual_move_action__rosidl_typesupport_cpp.dir/rosidl_typesupport_cpp/manual_move_action/action/move_info__type_support.cpp.o.d" is newer than depends file "/home/ws/roarm_ws_em0/build/manual_move_action/CMakeFiles/manual_move_action__rosidl_typesupport_cpp.dir/compiler_depend.internal".
[2.063s] Dependencies file "CMakeFiles/manual_move_action__rosidl_typesupport_fastrtps_cpp.dir/rosidl_typesupport_fastrtps_cpp/manual_move_action/action/detail/dds_fastrtps/move_info__type_support.cpp.o.d" is newer than depends file "/home/ws/roarm_ws_em0/build/manual_move_action/CMakeFiles/manual_move_action__rosidl_typesupport_fastrtps_cpp.dir/compiler_depend.internal".
[2.064s] [35m[1mConsolidate compiler generated dependencies of target manual_move_action__rosidl_typesupport_fastrtps_cpp[0m
[2.064s] [35m[1mConsolidate compiler generated dependencies of target manual_move_action__rosidl_typesupport_cpp[0m
[2.064s] [  5%] Built target ament_cmake_python_copy_manual_move_action
[2.064s] /usr/bin/gmake  -f CMakeFiles/manual_move_action__rosidl_typesupport_introspection_cpp.dir/build.make CMakeFiles/manual_move_action__rosidl_typesupport_introspection_cpp.dir/depend
[2.065s] /usr/bin/cc -fPIC -shared -Wl,-soname,libmanual_move_action__rosidl_generator_c.so -o libmanual_move_action__rosidl_generator_c.so CMakeFiles/manual_move_action__rosidl_generator_c.dir/rosidl_generator_c/manual_move_action/action/detail/move_info__functions.c.o  -Wl,-rpath,/opt/ros/humble/lib: /opt/ros/humble/lib/libaction_msgs__rosidl_generator_c.so /opt/ros/humble/lib/libbuiltin_interfaces__rosidl_generator_c.so /opt/ros/humble/lib/libunique_identifier_msgs__rosidl_generator_c.so /opt/ros/humble/lib/librosidl_runtime_c.so /opt/ros/humble/lib/librcutils.so -ldl 
[2.068s] gmake[2]: Leaving directory '/home/ws/roarm_ws_em0/build/manual_move_action'
[2.068s] /usr/bin/gmake  -f CMakeFiles/manual_move_action__rosidl_typesupport_fastrtps_cpp.dir/build.make CMakeFiles/manual_move_action__rosidl_typesupport_fastrtps_cpp.dir/build
[2.068s] gmake[2]: Entering directory '/home/ws/roarm_ws_em0/build/manual_move_action'
[2.068s] cd /home/ws/roarm_ws_em0/build/manual_move_action && /usr/bin/cmake -E cmake_depends "Unix Makefiles" /home/ws/roarm_ws_em0/src/roarm_main/manual_move_action /home/ws/roarm_ws_em0/src/roarm_main/manual_move_action /home/ws/roarm_ws_em0/build/manual_move_action /home/ws/roarm_ws_em0/build/manual_move_action /home/ws/roarm_ws_em0/build/manual_move_action/CMakeFiles/manual_move_action__rosidl_typesupport_introspection_cpp.dir/DependInfo.cmake --color=
[2.069s] gmake[2]: Leaving directory '/home/ws/roarm_ws_em0/build/manual_move_action'
[2.069s] gmake[2]: Entering directory '/home/ws/roarm_ws_em0/build/manual_move_action'
[2.069s] /usr/bin/gmake  -f CMakeFiles/manual_move_action__rosidl_typesupport_cpp.dir/build.make CMakeFiles/manual_move_action__rosidl_typesupport_cpp.dir/build
[2.072s] gmake[2]: Entering directory '/home/ws/roarm_ws_em0/build/manual_move_action'
[2.085s] [  8%] [32m[1mLinking CXX shared library libmanual_move_action__rosidl_typesupport_cpp.so[0m
[2.086s] /usr/bin/cmake -E cmake_link_script CMakeFiles/manual_move_action__rosidl_typesupport_cpp.dir/link.txt --verbose=1
[2.090s] [ 11%] [32m[1mLinking CXX shared library libmanual_move_action__rosidl_typesupport_fastrtps_cpp.so[0m
[2.092s] Dependencies file "CMakeFiles/manual_move_action__rosidl_typesupport_introspection_cpp.dir/rosidl_typesupport_introspection_cpp/manual_move_action/action/detail/move_info__type_support.cpp.o.d" is newer than depends file "/home/ws/roarm_ws_em0/build/manual_move_action/CMakeFiles/manual_move_action__rosidl_typesupport_introspection_cpp.dir/compiler_depend.internal".
[2.096s] /usr/bin/cmake -E cmake_link_script CMakeFiles/manual_move_action__rosidl_typesupport_fastrtps_cpp.dir/link.txt --verbose=1
[2.097s] [35m[1mConsolidate compiler generated dependencies of target manual_move_action__rosidl_typesupport_introspection_cpp[0m
[2.097s] /usr/bin/c++ -fPIC -shared -Wl,-soname,libmanual_move_action__rosidl_typesupport_cpp.so -o libmanual_move_action__rosidl_typesupport_cpp.so CMakeFiles/manual_move_action__rosidl_typesupport_cpp.dir/rosidl_typesupport_cpp/manual_move_action/action/move_info__type_support.cpp.o  -Wl,-rpath,/opt/ros/humble/lib: /opt/ros/humble/lib/libaction_msgs__rosidl_typesupport_cpp.so /opt/ros/humble/lib/libbuiltin_interfaces__rosidl_typesupport_cpp.so /opt/ros/humble/lib/libunique_identifier_msgs__rosidl_typesupport_cpp.so /opt/ros/humble/lib/librosidl_typesupport_cpp.so /opt/ros/humble/lib/librosidl_typesupport_c.so /opt/ros/humble/lib/librosidl_runtime_c.so /opt/ros/humble/lib/librcutils.so -ldl -Wl,-rpath-link,/opt/ros/humble/lib 
[2.098s] gmake[2]: Leaving directory '/home/ws/roarm_ws_em0/build/manual_move_action'
[2.099s] /usr/bin/gmake  -f CMakeFiles/manual_move_action__rosidl_typesupport_introspection_cpp.dir/build.make CMakeFiles/manual_move_action__rosidl_typesupport_introspection_cpp.dir/build
[2.110s] gmake[2]: Leaving directory '/home/ws/roarm_ws_em0/build/manual_move_action'
[2.114s] /usr/bin/c++ -fPIC -shared -Wl,-soname,libmanual_move_action__rosidl_typesupport_fastrtps_cpp.so -o libmanual_move_action__rosidl_typesupport_fastrtps_cpp.so CMakeFiles/manual_move_action__rosidl_typesupport_fastrtps_cpp.dir/rosidl_typesupport_fastrtps_cpp/manual_move_action/action/detail/dds_fastrtps/move_info__type_support.cpp.o  -Wl,-rpath,/opt/ros/humble/lib: /opt/ros/humble/lib/libaction_msgs__rosidl_typesupport_fastrtps_cpp.so /opt/ros/humble/lib/libbuiltin_interfaces__rosidl_typesupport_fastrtps_cpp.so /opt/ros/humble/lib/libunique_identifier_msgs__rosidl_typesupport_fastrtps_cpp.so /opt/ros/humble/lib/librosidl_typesupport_fastrtps_cpp.so /opt/ros/humble/lib/libfastcdr.so.1.0.24 /opt/ros/humble/lib/librmw.so /opt/ros/humble/lib/librosidl_runtime_c.so /opt/ros/humble/lib/librcutils.so -ldl 
[2.117s] gmake[2]: Entering directory '/home/ws/roarm_ws_em0/build/manual_move_action'
[2.122s] gmake[2]: Leaving directory '/home/ws/roarm_ws_em0/build/manual_move_action'
[2.123s] [ 17%] [32m[1mLinking CXX shared library libmanual_move_action__rosidl_typesupport_introspection_cpp.so[0m
[2.126s] /usr/bin/cmake -E cmake_link_script CMakeFiles/manual_move_action__rosidl_typesupport_introspection_cpp.dir/link.txt --verbose=1
[2.129s] [ 20%] Built target manual_move_action__rosidl_generator_c
[2.129s] /usr/bin/gmake  -f CMakeFiles/ament_cmake_python_build_manual_move_action_egg.dir/build.make CMakeFiles/ament_cmake_python_build_manual_move_action_egg.dir/depend
[2.134s] [ 25%] Built target manual_move_action__rosidl_typesupport_cpp
[2.135s] gmake[2]: Entering directory '/home/ws/roarm_ws_em0/build/manual_move_action'
[2.135s] cd /home/ws/roarm_ws_em0/build/manual_move_action && /usr/bin/cmake -E cmake_depends "Unix Makefiles" /home/ws/roarm_ws_em0/src/roarm_main/manual_move_action /home/ws/roarm_ws_em0/src/roarm_main/manual_move_action /home/ws/roarm_ws_em0/build/manual_move_action /home/ws/roarm_ws_em0/build/manual_move_action /home/ws/roarm_ws_em0/build/manual_move_action/CMakeFiles/ament_cmake_python_build_manual_move_action_egg.dir/DependInfo.cmake --color=
[2.136s] /usr/bin/gmake  -f CMakeFiles/manual_move_action__rosidl_typesupport_fastrtps_c.dir/build.make CMakeFiles/manual_move_action__rosidl_typesupport_fastrtps_c.dir/depend
[2.137s] /usr/bin/c++ -fPIC -shared -Wl,-soname,libmanual_move_action__rosidl_typesupport_introspection_cpp.so -o libmanual_move_action__rosidl_typesupport_introspection_cpp.so CMakeFiles/manual_move_action__rosidl_typesupport_introspection_cpp.dir/rosidl_typesupport_introspection_cpp/manual_move_action/action/detail/move_info__type_support.cpp.o  -Wl,-rpath,/opt/ros/humble/lib: /opt/ros/humble/lib/libaction_msgs__rosidl_typesupport_introspection_cpp.so /opt/ros/humble/lib/libbuiltin_interfaces__rosidl_typesupport_introspection_cpp.so /opt/ros/humble/lib/libunique_identifier_msgs__rosidl_typesupport_introspection_cpp.so /opt/ros/humble/lib/librosidl_typesupport_introspection_cpp.so /opt/ros/humble/lib/librosidl_typesupport_introspection_c.so /opt/ros/humble/lib/librosidl_runtime_c.so /opt/ros/humble/lib/librcutils.so -ldl 
[2.142s] gmake[2]: Entering directory '/home/ws/roarm_ws_em0/build/manual_move_action'
[2.143s] cd /home/ws/roarm_ws_em0/build/manual_move_action && /usr/bin/cmake -E cmake_depends "Unix Makefiles" /home/ws/roarm_ws_em0/src/roarm_main/manual_move_action /home/ws/roarm_ws_em0/src/roarm_main/manual_move_action /home/ws/roarm_ws_em0/build/manual_move_action /home/ws/roarm_ws_em0/build/manual_move_action /home/ws/roarm_ws_em0/build/manual_move_action/CMakeFiles/manual_move_action__rosidl_typesupport_fastrtps_c.dir/DependInfo.cmake --color=
[2.153s] gmake[2]: Leaving directory '/home/ws/roarm_ws_em0/build/manual_move_action'
[2.154s] /usr/bin/gmake  -f CMakeFiles/ament_cmake_python_build_manual_move_action_egg.dir/build.make CMakeFiles/ament_cmake_python_build_manual_move_action_egg.dir/build
[2.154s] Dependencies file "CMakeFiles/manual_move_action__rosidl_typesupport_fastrtps_c.dir/rosidl_typesupport_fastrtps_c/manual_move_action/action/detail/move_info__type_support_c.cpp.o.d" is newer than depends file "/home/ws/roarm_ws_em0/build/manual_move_action/CMakeFiles/manual_move_action__rosidl_typesupport_fastrtps_c.dir/compiler_depend.internal".
[2.155s] [35m[1mConsolidate compiler generated dependencies of target manual_move_action__rosidl_typesupport_fastrtps_c[0m
[2.155s] gmake[2]: Entering directory '/home/ws/roarm_ws_em0/build/manual_move_action'
[2.155s] cd /home/ws/roarm_ws_em0/build/manual_move_action/ament_cmake_python/manual_move_action && /usr/bin/python3 setup.py egg_info
[2.156s] gmake[2]: Leaving directory '/home/ws/roarm_ws_em0/build/manual_move_action'
[2.156s] /usr/bin/gmake  -f CMakeFiles/manual_move_action__rosidl_typesupport_fastrtps_c.dir/build.make CMakeFiles/manual_move_action__rosidl_typesupport_fastrtps_c.dir/build
[2.161s] gmake[2]: Entering directory '/home/ws/roarm_ws_em0/build/manual_move_action'
[2.172s] [ 28%] [32m[1mLinking CXX shared library libmanual_move_action__rosidl_typesupport_fastrtps_c.so[0m
[2.173s] /usr/bin/cmake -E cmake_link_script CMakeFiles/manual_move_action__rosidl_typesupport_fastrtps_c.dir/link.txt --verbose=1
[2.180s] gmake[2]: Leaving directory '/home/ws/roarm_ws_em0/build/manual_move_action'
[2.181s] /usr/bin/c++ -fPIC -shared -Wl,-soname,libmanual_move_action__rosidl_typesupport_fastrtps_c.so -o libmanual_move_action__rosidl_typesupport_fastrtps_c.so CMakeFiles/manual_move_action__rosidl_typesupport_fastrtps_c.dir/rosidl_typesupport_fastrtps_c/manual_move_action/action/detail/move_info__type_support_c.cpp.o  -Wl,-rpath,/home/ws/roarm_ws_em0/build/manual_move_action:/opt/ros/humble/lib: libmanual_move_action__rosidl_generator_c.so /opt/ros/humble/lib/libaction_msgs__rosidl_typesupport_fastrtps_c.so /opt/ros/humble/lib/libbuiltin_interfaces__rosidl_typesupport_fastrtps_c.so /opt/ros/humble/lib/libunique_identifier_msgs__rosidl_typesupport_fastrtps_c.so /opt/ros/humble/lib/librosidl_typesupport_fastrtps_cpp.so /opt/ros/humble/lib/libfastcdr.so.1.0.24 /opt/ros/humble/lib/librmw.so /opt/ros/humble/lib/librosidl_typesupport_fastrtps_c.so /opt/ros/humble/lib/libaction_msgs__rosidl_generator_c.so /opt/ros/humble/lib/libbuiltin_interfaces__rosidl_generator_c.so /opt/ros/humble/lib/libunique_identifier_msgs__rosidl_generator_c.so /opt/ros/humble/lib/librosidl_runtime_c.so /opt/ros/humble/lib/librcutils.so -ldl 
[2.192s] [ 34%] Built target manual_move_action__rosidl_typesupport_fastrtps_cpp
[2.194s] /usr/bin/gmake  -f CMakeFiles/manual_move_action__rosidl_typesupport_introspection_c.dir/build.make CMakeFiles/manual_move_action__rosidl_typesupport_introspection_c.dir/depend
[2.198s] gmake[2]: Entering directory '/home/ws/roarm_ws_em0/build/manual_move_action'
[2.198s] cd /home/ws/roarm_ws_em0/build/manual_move_action && /usr/bin/cmake -E cmake_depends "Unix Makefiles" /home/ws/roarm_ws_em0/src/roarm_main/manual_move_action /home/ws/roarm_ws_em0/src/roarm_main/manual_move_action /home/ws/roarm_ws_em0/build/manual_move_action /home/ws/roarm_ws_em0/build/manual_move_action /home/ws/roarm_ws_em0/build/manual_move_action/CMakeFiles/manual_move_action__rosidl_typesupport_introspection_c.dir/DependInfo.cmake --color=
[2.208s] Dependencies file "CMakeFiles/manual_move_action__rosidl_typesupport_introspection_c.dir/rosidl_typesupport_introspection_c/manual_move_action/action/detail/move_info__type_support.c.o.d" is newer than depends file "/home/ws/roarm_ws_em0/build/manual_move_action/CMakeFiles/manual_move_action__rosidl_typesupport_introspection_c.dir/compiler_depend.internal".
[2.208s] [35m[1mConsolidate compiler generated dependencies of target manual_move_action__rosidl_typesupport_introspection_c[0m
[2.210s] gmake[2]: Leaving directory '/home/ws/roarm_ws_em0/build/manual_move_action'
[2.210s] /usr/bin/gmake  -f CMakeFiles/manual_move_action__rosidl_typesupport_introspection_c.dir/build.make CMakeFiles/manual_move_action__rosidl_typesupport_introspection_c.dir/build
[2.215s] gmake[2]: Entering directory '/home/ws/roarm_ws_em0/build/manual_move_action'
[2.219s] gmake[2]: Leaving directory '/home/ws/roarm_ws_em0/build/manual_move_action'
[2.224s] [ 37%] [32m[1mLinking C shared library libmanual_move_action__rosidl_typesupport_introspection_c.so[0m
[2.225s] /usr/bin/cmake -E cmake_link_script CMakeFiles/manual_move_action__rosidl_typesupport_introspection_c.dir/link.txt --verbose=1
[2.236s] [ 42%] Built target manual_move_action__rosidl_typesupport_introspection_cpp
[2.238s] /usr/bin/gmake  -f CMakeFiles/manual_move_action__rosidl_typesupport_c.dir/build.make CMakeFiles/manual_move_action__rosidl_typesupport_c.dir/depend
[2.240s] /usr/bin/cc -fPIC -shared -Wl,-soname,libmanual_move_action__rosidl_typesupport_introspection_c.so -o libmanual_move_action__rosidl_typesupport_introspection_c.so CMakeFiles/manual_move_action__rosidl_typesupport_introspection_c.dir/rosidl_typesupport_introspection_c/manual_move_action/action/detail/move_info__type_support.c.o  -Wl,-rpath,/home/ws/roarm_ws_em0/build/manual_move_action:/opt/ros/humble/lib: libmanual_move_action__rosidl_generator_c.so /opt/ros/humble/lib/libaction_msgs__rosidl_typesupport_introspection_c.so /opt/ros/humble/lib/libbuiltin_interfaces__rosidl_typesupport_introspection_c.so /opt/ros/humble/lib/libunique_identifier_msgs__rosidl_typesupport_introspection_c.so /opt/ros/humble/lib/librosidl_typesupport_introspection_c.so /opt/ros/humble/lib/libaction_msgs__rosidl_generator_c.so /opt/ros/humble/lib/libbuiltin_interfaces__rosidl_generator_c.so /opt/ros/humble/lib/libunique_identifier_msgs__rosidl_generator_c.so /opt/ros/humble/lib/librosidl_runtime_c.so /opt/ros/humble/lib/librcutils.so -ldl 
[2.240s] gmake[2]: Entering directory '/home/ws/roarm_ws_em0/build/manual_move_action'
[2.240s] cd /home/ws/roarm_ws_em0/build/manual_move_action && /usr/bin/cmake -E cmake_depends "Unix Makefiles" /home/ws/roarm_ws_em0/src/roarm_main/manual_move_action /home/ws/roarm_ws_em0/src/roarm_main/manual_move_action /home/ws/roarm_ws_em0/build/manual_move_action /home/ws/roarm_ws_em0/build/manual_move_action /home/ws/roarm_ws_em0/build/manual_move_action/CMakeFiles/manual_move_action__rosidl_typesupport_c.dir/DependInfo.cmake --color=
[2.254s] Dependencies file "CMakeFiles/manual_move_action__rosidl_typesupport_c.dir/rosidl_typesupport_c/manual_move_action/action/move_info__type_support.cpp.o.d" is newer than depends file "/home/ws/roarm_ws_em0/build/manual_move_action/CMakeFiles/manual_move_action__rosidl_typesupport_c.dir/compiler_depend.internal".
[2.255s] [35m[1mConsolidate compiler generated dependencies of target manual_move_action__rosidl_typesupport_c[0m
[2.256s] gmake[2]: Leaving directory '/home/ws/roarm_ws_em0/build/manual_move_action'
[2.256s] gmake[2]: Leaving directory '/home/ws/roarm_ws_em0/build/manual_move_action'
[2.256s] gmake[2]: Leaving directory '/home/ws/roarm_ws_em0/build/manual_move_action'
[2.263s] /usr/bin/gmake  -f CMakeFiles/manual_move_action__rosidl_typesupport_c.dir/build.make CMakeFiles/manual_move_action__rosidl_typesupport_c.dir/build
[2.265s] [ 48%] Built target manual_move_action__rosidl_typesupport_fastrtps_c
[2.265s] gmake[2]: Entering directory '/home/ws/roarm_ws_em0/build/manual_move_action'
[2.268s] /usr/bin/gmake  -f CMakeFiles/manual_move_client.dir/build.make CMakeFiles/manual_move_client.dir/depend
[2.269s] [ 54%] Built target manual_move_action__rosidl_typesupport_introspection_c
[2.279s] gmake[2]: Entering directory '/home/ws/roarm_ws_em0/build/manual_move_action'
[2.281s] cd /home/ws/roarm_ws_em0/build/manual_move_action && /usr/bin/cmake -E cmake_depends "Unix Makefiles" /home/ws/roarm_ws_em0/src/roarm_main/manual_move_action /home/ws/roarm_ws_em0/src/roarm_main/manual_move_action /home/ws/roarm_ws_em0/build/manual_move_action /home/ws/roarm_ws_em0/build/manual_move_action /home/ws/roarm_ws_em0/build/manual_move_action/CMakeFiles/manual_move_client.dir/DependInfo.cmake --color=
[2.284s] /usr/bin/gmake  -f CMakeFiles/manual_move_server.dir/build.make CMakeFiles/manual_move_server.dir/depend
[2.286s] gmake[2]: Entering directory '/home/ws/roarm_ws_em0/build/manual_move_action'
[2.288s] cd /home/ws/roarm_ws_em0/build/manual_move_action && /usr/bin/cmake -E cmake_depends "Unix Makefiles" /home/ws/roarm_ws_em0/src/roarm_main/manual_move_action /home/ws/roarm_ws_em0/src/roarm_main/manual_move_action /home/ws/roarm_ws_em0/build/manual_move_action /home/ws/roarm_ws_em0/build/manual_move_action /home/ws/roarm_ws_em0/build/manual_move_action/CMakeFiles/manual_move_server.dir/DependInfo.cmake --color=
[2.289s] [ 57%] [32m[1mLinking CXX shared library libmanual_move_action__rosidl_typesupport_c.so[0m
[2.289s] /usr/bin/cmake -E cmake_link_script CMakeFiles/manual_move_action__rosidl_typesupport_c.dir/link.txt --verbose=1
[2.293s] gmake[2]: Leaving directory '/home/ws/roarm_ws_em0/build/manual_move_action'
[2.294s] /usr/bin/gmake  -f CMakeFiles/manual_move_server.dir/build.make CMakeFiles/manual_move_server.dir/build
[2.297s] gmake[2]: Entering directory '/home/ws/roarm_ws_em0/build/manual_move_action'
[2.300s] /usr/bin/c++ -fPIC -shared -Wl,-soname,libmanual_move_action__rosidl_typesupport_c.so -o libmanual_move_action__rosidl_typesupport_c.so CMakeFiles/manual_move_action__rosidl_typesupport_c.dir/rosidl_typesupport_c/manual_move_action/action/move_info__type_support.cpp.o  -Wl,-rpath,/home/ws/roarm_ws_em0/build/manual_move_action:/opt/ros/humble/lib: libmanual_move_action__rosidl_generator_c.so /opt/ros/humble/lib/libaction_msgs__rosidl_typesupport_c.so /opt/ros/humble/lib/libbuiltin_interfaces__rosidl_typesupport_c.so /opt/ros/humble/lib/libunique_identifier_msgs__rosidl_typesupport_c.so /opt/ros/humble/lib/librosidl_typesupport_c.so /opt/ros/humble/lib/libaction_msgs__rosidl_generator_c.so /opt/ros/humble/lib/libbuiltin_interfaces__rosidl_generator_c.so /opt/ros/humble/lib/libunique_identifier_msgs__rosidl_generator_c.so /opt/ros/humble/lib/librosidl_runtime_c.so /opt/ros/humble/lib/librcutils.so -ldl -Wl,-rpath-link,/opt/ros/humble/lib 
[2.301s] gmake[2]: Leaving directory '/home/ws/roarm_ws_em0/build/manual_move_action'
[2.302s] /usr/bin/gmake  -f CMakeFiles/manual_move_client.dir/build.make CMakeFiles/manual_move_client.dir/build
[2.306s] gmake[2]: Entering directory '/home/ws/roarm_ws_em0/build/manual_move_action'
[2.316s] [ 60%] [32mBuilding CXX object CMakeFiles/manual_move_client.dir/src/manual_move_client.cpp.o[0m
[2.318s] /usr/bin/c++ -DDEFAULT_RMW_IMPLEMENTATION=rmw_fastrtps_cpp -DRCUTILS_ENABLE_FAULT_INJECTION -DROS_PACKAGE_NAME=\"manual_move_action\" -I/home/ws/roarm_ws_em0/build/manual_move_action/rosidl_generator_cpp -isystem /opt/ros/humble/include/rclcpp -isystem /opt/ros/humble/include/rclcpp_action -isystem /opt/ros/humble/include/rclcpp_components -isystem /opt/ros/humble/include/ament_index_cpp -isystem /opt/ros/humble/include/libstatistics_collector -isystem /opt/ros/humble/include/builtin_interfaces -isystem /opt/ros/humble/include/rosidl_runtime_c -isystem /opt/ros/humble/include/rcutils -isystem /opt/ros/humble/include/rosidl_typesupport_interface -isystem /opt/ros/humble/include/fastcdr -isystem /opt/ros/humble/include/rosidl_runtime_cpp -isystem /opt/ros/humble/include/rosidl_typesupport_fastrtps_cpp -isystem /opt/ros/humble/include/rmw -isystem /opt/ros/humble/include/rosidl_typesupport_fastrtps_c -isystem /opt/ros/humble/include/rosidl_typesupport_introspection_c -isystem /opt/ros/humble/include/rosidl_typesupport_introspection_cpp -isystem /opt/ros/humble/include/rcl -isystem /opt/ros/humble/include/rcl_interfaces -isystem /opt/ros/humble/include/rcl_logging_interface -isystem /opt/ros/humble/include/rcl_yaml_param_parser -isystem /opt/ros/humble/include/libyaml_vendor -isystem /opt/ros/humble/include/tracetools -isystem /opt/ros/humble/include/rcpputils -isystem /opt/ros/humble/include/statistics_msgs -isystem /opt/ros/humble/include/rosgraph_msgs -isystem /opt/ros/humble/include/rosidl_typesupport_cpp -isystem /opt/ros/humble/include/rosidl_typesupport_c -isystem /opt/ros/humble/include/action_msgs -isystem /opt/ros/humble/include/unique_identifier_msgs -isystem /opt/ros/humble/include/rcl_action -isystem /opt/ros/humble/include/class_loader -isystem /opt/ros/humble/include/composition_interfaces -Wall -Wextra -Wpedantic -MD -MT CMakeFiles/manual_move_client.dir/src/manual_move_client.cpp.o -MF CMakeFiles/manual_move_client.dir/src/manual_move_client.cpp.o.d -o CMakeFiles/manual_move_client.dir/src/manual_move_client.cpp.o -c /home/ws/roarm_ws_em0/src/roarm_main/manual_move_action/src/manual_move_client.cpp
[2.323s] gmake[2]: Leaving directory '/home/ws/roarm_ws_em0/build/manual_move_action'
[2.325s] [ 62%] [32mBuilding CXX object CMakeFiles/manual_move_server.dir/src/manual_move_server.cpp.o[0m
[2.326s] /usr/bin/c++ -DDEFAULT_RMW_IMPLEMENTATION=rmw_fastrtps_cpp -DRCUTILS_ENABLE_FAULT_INJECTION -DROS_PACKAGE_NAME=\"manual_move_action\" -I/home/ws/roarm_ws_em0/build/manual_move_action/rosidl_generator_cpp -isystem /opt/ros/humble/include/rclcpp -isystem /opt/ros/humble/include/rclcpp_action -isystem /opt/ros/humble/include/rclcpp_components -isystem /opt/ros/humble/include/ament_index_cpp -isystem /opt/ros/humble/include/libstatistics_collector -isystem /opt/ros/humble/include/builtin_interfaces -isystem /opt/ros/humble/include/rosidl_runtime_c -isystem /opt/ros/humble/include/rcutils -isystem /opt/ros/humble/include/rosidl_typesupport_interface -isystem /opt/ros/humble/include/fastcdr -isystem /opt/ros/humble/include/rosidl_runtime_cpp -isystem /opt/ros/humble/include/rosidl_typesupport_fastrtps_cpp -isystem /opt/ros/humble/include/rmw -isystem /opt/ros/humble/include/rosidl_typesupport_fastrtps_c -isystem /opt/ros/humble/include/rosidl_typesupport_introspection_c -isystem /opt/ros/humble/include/rosidl_typesupport_introspection_cpp -isystem /opt/ros/humble/include/rcl -isystem /opt/ros/humble/include/rcl_interfaces -isystem /opt/ros/humble/include/rcl_logging_interface -isystem /opt/ros/humble/include/rcl_yaml_param_parser -isystem /opt/ros/humble/include/libyaml_vendor -isystem /opt/ros/humble/include/tracetools -isystem /opt/ros/humble/include/rcpputils -isystem /opt/ros/humble/include/statistics_msgs -isystem /opt/ros/humble/include/rosgraph_msgs -isystem /opt/ros/humble/include/rosidl_typesupport_cpp -isystem /opt/ros/humble/include/rosidl_typesupport_c -isystem /opt/ros/humble/include/action_msgs -isystem /opt/ros/humble/include/unique_identifier_msgs -isystem /opt/ros/humble/include/rcl_action -isystem /opt/ros/humble/include/class_loader -isystem /opt/ros/humble/include/composition_interfaces -Wall -Wextra -Wpedantic -MD -MT CMakeFiles/manual_move_server.dir/src/manual_move_server.cpp.o -MF CMakeFiles/manual_move_server.dir/src/manual_move_server.cpp.o.d -o CMakeFiles/manual_move_server.dir/src/manual_move_server.cpp.o -c /home/ws/roarm_ws_em0/src/roarm_main/manual_move_action/src/manual_move_server.cpp
[2.347s] [ 68%] Built target manual_move_action__rosidl_typesupport_c
[2.376s] /usr/bin/gmake  -f CMakeFiles/manual_move_action.dir/build.make CMakeFiles/manual_move_action.dir/depend
[2.377s] gmake[2]: Entering directory '/home/ws/roarm_ws_em0/build/manual_move_action'
[2.377s] cd /home/ws/roarm_ws_em0/build/manual_move_action && /usr/bin/cmake -E cmake_depends "Unix Makefiles" /home/ws/roarm_ws_em0/src/roarm_main/manual_move_action /home/ws/roarm_ws_em0/src/roarm_main/manual_move_action /home/ws/roarm_ws_em0/build/manual_move_action /home/ws/roarm_ws_em0/build/manual_move_action /home/ws/roarm_ws_em0/build/manual_move_action/CMakeFiles/manual_move_action.dir/DependInfo.cmake --color=
[2.391s] gmake[2]: Leaving directory '/home/ws/roarm_ws_em0/build/manual_move_action'
[2.392s] /usr/bin/gmake  -f CMakeFiles/manual_move_action.dir/build.make CMakeFiles/manual_move_action.dir/build
[2.396s] gmake[2]: Leaving directory '/home/ws/roarm_ws_em0/build/manual_move_action'
[2.397s] gmake[2]: Entering directory '/home/ws/roarm_ws_em0/build/manual_move_action'
[2.397s] gmake[2]: Nothing to be done for 'CMakeFiles/manual_move_action.dir/build'.
[2.397s] gmake[2]: Leaving directory '/home/ws/roarm_ws_em0/build/manual_move_action'
[2.397s] [01m[K/home/ws/roarm_ws_em0/src/roarm_main/manual_move_action/src/manual_move_client.cpp:6:10:[m[K [01;31m[Kfatal error: [m[Kmanual_move_action/action/MoveInfo.hpp: No such file or directory
[2.397s]     6 | #include [01;31m[K"manual_move_action/action/MoveInfo.hpp"[m[K // Replace with your action path if needed
[2.397s]       |          [01;31m[K^~~~~~~~~~~~~~~~~~~~~~~~~~~~~~~~~~~~~~~~[m[K
[2.397s] compilation terminated.
[2.397s] gmake[2]: *** [CMakeFiles/manual_move_client.dir/build.make:79: CMakeFiles/manual_move_client.dir/src/manual_move_client.cpp.o] Error 1
[2.397s] gmake[1]: *** [CMakeFiles/Makefile2:598: CMakeFiles/manual_move_client.dir/all] Error 2
[2.397s] gmake[1]: *** Waiting for unfinished jobs....
[2.403s] running egg_info
[2.404s] writing manual_move_action.egg-info/PKG-INFO
[2.404s] writing dependency_links to manual_move_action.egg-info/dependency_links.txt
[2.404s] [ 68%] Built target manual_move_action
[2.405s] writing top-level names to manual_move_action.egg-info/top_level.txt
[2.407s] reading manifest file 'manual_move_action.egg-info/SOURCES.txt'
[2.407s] writing manifest file 'manual_move_action.egg-info/SOURCES.txt'
[2.424s] gmake[2]: Leaving directory '/home/ws/roarm_ws_em0/build/manual_move_action'
[2.432s] [ 68%] Built target ament_cmake_python_build_manual_move_action_egg
[2.477s] [01m[K/home/ws/roarm_ws_em0/src/roarm_main/manual_move_action/src/manual_move_server.cpp:13:10:[m[K [01;31m[Kfatal error: [m[Kmanual_move_action/action/MoveInfo.hpp: No such file or directory
[2.477s]    13 | #include [01;31m[K"manual_move_action/action/MoveInfo.hpp"[m[K // <-- Replace with your actual action header
[2.477s]       |          [01;31m[K^~~~~~~~~~~~~~~~~~~~~~~~~~~~~~~~~~~~~~~~[m[K
[2.477s] compilation terminated.
[2.481s] gmake[2]: *** [CMakeFiles/manual_move_server.dir/build.make:79: CMakeFiles/manual_move_server.dir/src/manual_move_server.cpp.o] Error 1
[2.482s] gmake[1]: *** [CMakeFiles/Makefile2:625: CMakeFiles/manual_move_server.dir/all] Error 2
[2.482s] gmake: *** [Makefile:149: all] Error 2
[2.482s] gmake[2]: Leaving directory '/home/ws/roarm_ws_em0/build/manual_move_action'
[2.482s] gmake[1]: Leaving directory '/home/ws/roarm_ws_em0/build/manual_move_action'
[2.493s] Invoked command in '/home/ws/roarm_ws_em0/build/manual_move_action' returned '2': CMAKE_PREFIX_PATH=${CMAKE_PREFIX_PATH}:/home/ws/roarm_ws_em0/install/ros2web_widgets:/home/ws/roarm_ws_em0/install/ros2web_example_py:/home/ws/roarm_ws_em0/install/roarm_web_app:/home/ws/roarm_ws_em0/install/ros2web_app:/home/ws/roarm_ws_em0/install/ros2web:/home/ws/roarm_ws_em0/install/roarm_driver:/home/ws/roarm_ws_em0/install/launch_api:/opt/ros/humble /usr/bin/cmake --build /home/ws/roarm_ws_em0/build/manual_move_action -- -j4 -l4
