[0.000000] (-) TimerEvent: {}
[0.000838] (-) JobUnselected: {'identifier': 'launch_api'}
[0.000869] (-) JobUnselected: {'identifier': 'moveit_servo'}
[0.000879] (-) JobUnselected: {'identifier': 'roarm_description'}
[0.000887] (-) JobUnselected: {'identifier': 'roarm_driver'}
[0.000894] (-) JobUnselected: {'identifier': 'roarm_moveit'}
[0.000976] (-) JobUnselected: {'identifier': 'roarm_moveit_cmd'}
[0.000994] (-) JobUnselected: {'identifier': 'roarm_moveit_ikfast_plugins'}
[0.001002] (-) JobUnselected: {'identifier': 'roarm_web_app'}
[0.001009] (-) JobUnselected: {'identifier': 'ros2web'}
[0.001015] (-) JobUnselected: {'identifier': 'ros2web_app'}
[0.001022] (-) JobUnselected: {'identifier': 'ros2web_example_py'}
[0.001028] (-) JobUnselected: {'identifier': 'ros2web_interfaces'}
[0.001034] (-) JobUnselected: {'identifier': 'ros2web_widgets'}
[0.001044] (manual_move_action) JobQueued: {'identifier': 'manual_move_action', 'dependencies': OrderedDict()}
[0.001055] (manual_move_action) JobStarted: {'identifier': 'manual_move_action'}
[0.018625] (manual_move_action) JobProgress: {'identifier': 'manual_move_action', 'progress': 'cmake'}
[0.018681] (manual_move_action) Command: {'cmd': ['/usr/bin/cmake', '/home/ws/roarm_ws_em0/src/roarm_main/manual_move_action', '-DCMAKE_INSTALL_PREFIX=/home/ws/roarm_ws_em0/install/manual_move_action'], 'cwd': '/home/ws/roarm_ws_em0/build/manual_move_action', 'env': OrderedDict([('LESSOPEN', '| /usr/bin/lesspipe %s'), ('LANGUAGE', 'en_US:'), ('USER', 'ws'), ('LC_TIME', 'zh_CN.UTF-8'), ('XDG_SESSION_TYPE', 'wayland'), ('SHLVL', '1'), ('LD_LIBRARY_PATH', '/home/ws/roarm_ws_em0/install/ros2web_interfaces/lib:/home/ws/roarm_ws_em0/install/roarm_moveit_ikfast_plugins/lib:/home/ws/roarm_ws_em0/install/roarm_moveit/lib:/home/ws/roarm_ws_em0/install/moveit_servo/lib:/home/ws/roarm_ws_em0/install/manual_move_action/lib:/opt/ros/humble/opt/rviz_ogre_vendor/lib:/opt/ros/humble/lib/x86_64-linux-gnu:/opt/ros/humble/lib'), ('HOME', '/home/ws'), ('OLDPWD', '/home/ws'), ('DESKTOP_SESSION', 'ubuntu'), ('ROS_PYTHON_VERSION', '3'), ('GNOME_SHELL_SESSION_MODE', 'ubuntu'), ('GTK_MODULES', 'gail:atk-bridge'), ('LC_MONETARY', 'zh_CN.UTF-8'), ('SYSTEMD_EXEC_PID', '1510'), ('DBUS_SESSION_BUS_ADDRESS', 'unix:path=/run/user/1000/bus'), ('COLORTERM', 'truecolor'), ('_colcon_cd_root', '/opt/ros/humble/'), ('IM_CONFIG_PHASE', '1'), ('WAYLAND_DISPLAY', 'wayland-0'), ('COLCON_PREFIX_PATH', '/home/ws/roarm_ws_em0/install'), ('ROS_DISTRO', 'humble'), ('LOGNAME', 'ws'), ('_', '/usr/bin/colcon'), ('ROS_VERSION', '2'), ('XDG_SESSION_CLASS', 'user'), ('USERNAME', 'ws'), ('TERM', 'xterm-256color'), ('GNOME_DESKTOP_SESSION_ID', 'this-is-deprecated'), ('ROS_LOCALHOST_ONLY', '0'), ('PATH', '/opt/ros/humble/bin:/home/ws/.local/bin:/usr/local/sbin:/usr/local/bin:/usr/sbin:/usr/bin:/sbin:/bin:/usr/games:/usr/local/games:/snap/bin:/snap/bin'), ('SESSION_MANAGER', 'local/ws:@/tmp/.ICE-unix/1479,unix/ws:/tmp/.ICE-unix/1479'), ('XDG_MENU_PREFIX', 'gnome-'), ('LC_ADDRESS', 'zh_CN.UTF-8'), ('GNOME_TERMINAL_SCREEN', '/org/gnome/Terminal/screen/fe4f1606_2a3b_47fd_b5d4_fa91378d518f'), ('GNOME_SETUP_DISPLAY', ':1'), ('XDG_RUNTIME_DIR', '/run/user/1000'), ('DISPLAY', ':0'), ('LANG', 'en_US.UTF-8'), ('XDG_CURRENT_DESKTOP', 'ubuntu:GNOME'), ('LC_TELEPHONE', 'zh_CN.UTF-8'), ('XMODIFIERS', '@im=ibus'), ('XDG_SESSION_DESKTOP', 'ubuntu'), ('XAUTHORITY', '/run/user/1000/.mutter-Xwaylandauth.NANV92'), ('LS_COLORS', 'rs=0:di=01;34:ln=01;36:mh=00:pi=40;33:so=01;35:do=01;35:bd=40;33;01:cd=40;33;01:or=40;31;01:mi=00:su=37;41:sg=30;43:ca=30;41:tw=30;42:ow=34;42:st=37;44:ex=01;32:*.tar=01;31:*.tgz=01;31:*.arc=01;31:*.arj=01;31:*.taz=01;31:*.lha=01;31:*.lz4=01;31:*.lzh=01;31:*.lzma=01;31:*.tlz=01;31:*.txz=01;31:*.tzo=01;31:*.t7z=01;31:*.zip=01;31:*.z=01;31:*.dz=01;31:*.gz=01;31:*.lrz=01;31:*.lz=01;31:*.lzo=01;31:*.xz=01;31:*.zst=01;31:*.tzst=01;31:*.bz2=01;31:*.bz=01;31:*.tbz=01;31:*.tbz2=01;31:*.tz=01;31:*.deb=01;31:*.rpm=01;31:*.jar=01;31:*.war=01;31:*.ear=01;31:*.sar=01;31:*.rar=01;31:*.alz=01;31:*.ace=01;31:*.zoo=01;31:*.cpio=01;31:*.7z=01;31:*.rz=01;31:*.cab=01;31:*.wim=01;31:*.swm=01;31:*.dwm=01;31:*.esd=01;31:*.jpg=01;35:*.jpeg=01;35:*.mjpg=01;35:*.mjpeg=01;35:*.gif=01;35:*.bmp=01;35:*.pbm=01;35:*.pgm=01;35:*.ppm=01;35:*.tga=01;35:*.xbm=01;35:*.xpm=01;35:*.tif=01;35:*.tiff=01;35:*.png=01;35:*.svg=01;35:*.svgz=01;35:*.mng=01;35:*.pcx=01;35:*.mov=01;35:*.mpg=01;35:*.mpeg=01;35:*.m2v=01;35:*.mkv=01;35:*.webm=01;35:*.webp=01;35:*.ogm=01;35:*.mp4=01;35:*.m4v=01;35:*.mp4v=01;35:*.vob=01;35:*.qt=01;35:*.nuv=01;35:*.wmv=01;35:*.asf=01;35:*.rm=01;35:*.rmvb=01;35:*.flc=01;35:*.avi=01;35:*.fli=01;35:*.flv=01;35:*.gl=01;35:*.dl=01;35:*.xcf=01;35:*.xwd=01;35:*.yuv=01;35:*.cgm=01;35:*.emf=01;35:*.ogv=01;35:*.ogx=01;35:*.aac=00;36:*.au=00;36:*.flac=00;36:*.m4a=00;36:*.mid=00;36:*.midi=00;36:*.mka=00;36:*.mp3=00;36:*.mpc=00;36:*.ogg=00;36:*.ra=00;36:*.wav=00;36:*.oga=00;36:*.opus=00;36:*.spx=00;36:*.xspf=00;36:'), ('GNOME_TERMINAL_SERVICE', ':1.163'), ('SSH_AGENT_LAUNCHER', 'gnome-keyring'), ('SSH_AUTH_SOCK', '/run/user/1000/keyring/ssh'), ('ROS_DOMAIN_ID', '0'), ('AMENT_PREFIX_PATH', '/home/ws/roarm_ws_em0/install/ros2web_widgets:/home/ws/roarm_ws_em0/install/ros2web_example_py:/home/ws/roarm_ws_em0/install/roarm_web_app:/home/ws/roarm_ws_em0/install/ros2web_app:/home/ws/roarm_ws_em0/install/ros2web:/home/ws/roarm_ws_em0/install/ros2web_interfaces:/home/ws/roarm_ws_em0/install/roarm_moveit_ikfast_plugins:/home/ws/roarm_ws_em0/install/roarm_moveit_cmd:/home/ws/roarm_ws_em0/install/roarm_moveit:/home/ws/roarm_ws_em0/install/roarm_driver:/home/ws/roarm_ws_em0/install/roarm_description:/home/ws/roarm_ws_em0/install/moveit_servo:/home/ws/roarm_ws_em0/install/manual_move_action:/home/ws/roarm_ws_em0/install/manual_move:/home/ws/roarm_ws_em0/install/launch_api:/opt/ros/humble'), ('SHELL', '/bin/bash'), ('LC_NAME', 'zh_CN.UTF-8'), ('QT_ACCESSIBILITY', '1'), ('GDMSESSION', 'ubuntu'), ('LESSCLOSE', '/usr/bin/lesspipe %s %s'), ('LC_MEASUREMENT', 'zh_CN.UTF-8'), ('LC_IDENTIFICATION', 'zh_CN.UTF-8'), ('QT_IM_MODULE', 'ibus'), ('PWD', '/home/ws/roarm_ws_em0/build/manual_move_action'), ('XDG_CONFIG_DIRS', '/etc/xdg/xdg-ubuntu:/etc/xdg'), ('XDG_DATA_DIRS', '/usr/share/ubuntu:/usr/local/share/:/usr/share/:/var/lib/snapd/desktop'), ('PYTHONPATH', '/home/ws/roarm_ws_em0/install/ros2web_widgets/lib/python3.10/site-packages:/home/ws/roarm_ws_em0/install/ros2web_example_py/lib/python3.10/site-packages:/home/ws/roarm_ws_em0/install/roarm_web_app/lib/python3.10/site-packages:/home/ws/roarm_ws_em0/install/ros2web_app/lib/python3.10/site-packages:/home/ws/roarm_ws_em0/install/ros2web/lib/python3.10/site-packages:/home/ws/roarm_ws_em0/install/ros2web_interfaces/local/lib/python3.10/dist-packages:/home/ws/roarm_ws_em0/install/roarm_moveit/local/lib/python3.10/dist-packages:/home/ws/roarm_ws_em0/install/roarm_driver/lib/python3.10/site-packages:/home/ws/roarm_ws_em0/install/manual_move_action/local/lib/python3.10/dist-packages:/home/ws/roarm_ws_em0/install/launch_api/lib/python3.10/site-packages:/opt/ros/humble/lib/python3.10/site-packages:/opt/ros/humble/local/lib/python3.10/dist-packages'), ('LC_NUMERIC', 'zh_CN.UTF-8'), ('LC_PAPER', 'zh_CN.UTF-8'), ('COLCON', '1'), ('VTE_VERSION', '6800'), ('CMAKE_PREFIX_PATH', '/home/ws/roarm_ws_em0/install/ros2web_interfaces:/home/ws/roarm_ws_em0/install/roarm_moveit_ikfast_plugins:/home/ws/roarm_ws_em0/install/roarm_moveit_cmd:/home/ws/roarm_ws_em0/install/roarm_moveit:/home/ws/roarm_ws_em0/install/roarm_description:/home/ws/roarm_ws_em0/install/moveit_servo:/home/ws/roarm_ws_em0/install/manual_move_action:/home/ws/roarm_ws_em0/install/manual_move:/home/ws/roarm_ws_em0/install/ros2web_widgets:/home/ws/roarm_ws_em0/install/ros2web_example_py:/home/ws/roarm_ws_em0/install/roarm_web_app:/home/ws/roarm_ws_em0/install/ros2web_app:/home/ws/roarm_ws_em0/install/ros2web:/home/ws/roarm_ws_em0/install/roarm_driver:/home/ws/roarm_ws_em0/install/launch_api:/opt/ros/humble')]), 'shell': False}
[0.098688] (-) TimerEvent: {}
[0.142573] (manual_move_action) StdoutLine: {'line': b'-- The C compiler identification is GNU 11.4.0\n'}
[0.199497] (-) TimerEvent: {}
[0.255189] (manual_move_action) StdoutLine: {'line': b'-- The CXX compiler identification is GNU 11.4.0\n'}
[0.273648] (manual_move_action) StdoutLine: {'line': b'-- Detecting C compiler ABI info\n'}
[0.299990] (-) TimerEvent: {}
[0.371482] (manual_move_action) StdoutLine: {'line': b'-- Detecting C compiler ABI info - done\n'}
[0.373925] (manual_move_action) StdoutLine: {'line': b'-- Check for working C compiler: /usr/bin/cc - skipped\n'}
[0.374273] (manual_move_action) StdoutLine: {'line': b'-- Detecting C compile features\n'}
[0.374608] (manual_move_action) StdoutLine: {'line': b'-- Detecting C compile features - done\n'}
[0.379060] (manual_move_action) StdoutLine: {'line': b'-- Detecting CXX compiler ABI info\n'}
[0.400198] (-) TimerEvent: {}
[0.469221] (manual_move_action) StdoutLine: {'line': b'-- Detecting CXX compiler ABI info - done\n'}
[0.472980] (manual_move_action) StdoutLine: {'line': b'-- Check for working CXX compiler: /usr/bin/c++ - skipped\n'}
[0.473239] (manual_move_action) StdoutLine: {'line': b'-- Detecting CXX compile features\n'}
[0.474300] (manual_move_action) StdoutLine: {'line': b'-- Detecting CXX compile features - done\n'}
[0.489094] (manual_move_action) StdoutLine: {'line': b'-- Found ament_cmake: 1.3.10 (/opt/ros/humble/share/ament_cmake/cmake)\n'}
[0.501052] (-) TimerEvent: {}
[0.604612] (-) TimerEvent: {}
[0.634438] (manual_move_action) StdoutLine: {'line': b'-- Found Python3: /usr/bin/python3 (found version "3.10.12") found components: Interpreter \n'}
[0.704956] (-) TimerEvent: {}
[0.765588] (manual_move_action) StdoutLine: {'line': b'-- Found rclcpp: 16.0.10 (/opt/ros/humble/share/rclcpp/cmake)\n'}
[0.813065] (-) TimerEvent: {}
[0.858992] (manual_move_action) StdoutLine: {'line': b'-- Found rosidl_generator_c: 3.1.5 (/opt/ros/humble/share/rosidl_generator_c/cmake)\n'}
[0.867543] (manual_move_action) StdoutLine: {'line': b'-- Found rosidl_adapter: 3.1.5 (/opt/ros/humble/share/rosidl_adapter/cmake)\n'}
[0.887318] (manual_move_action) StdoutLine: {'line': b'-- Found rosidl_generator_cpp: 3.1.5 (/opt/ros/humble/share/rosidl_generator_cpp/cmake)\n'}
[0.910758] (manual_move_action) StdoutLine: {'line': b'-- Using all available rosidl_typesupport_c: rosidl_typesupport_fastrtps_c;rosidl_typesupport_introspection_c\n'}
[0.913215] (-) TimerEvent: {}
[0.941028] (manual_move_action) StdoutLine: {'line': b'-- Using all available rosidl_typesupport_cpp: rosidl_typesupport_fastrtps_cpp;rosidl_typesupport_introspection_cpp\n'}
[1.013512] (-) TimerEvent: {}
[1.024014] (manual_move_action) StdoutLine: {'line': b'-- Found rmw_implementation_cmake: 6.1.2 (/opt/ros/humble/share/rmw_implementation_cmake/cmake)\n'}
[1.033620] (manual_move_action) StdoutLine: {'line': b'-- Found rmw_fastrtps_cpp: 6.2.7 (/opt/ros/humble/share/rmw_fastrtps_cpp/cmake)\n'}
[1.113787] (-) TimerEvent: {}
[1.175194] (manual_move_action) StdoutLine: {'line': b'-- Found OpenSSL: /usr/lib/x86_64-linux-gnu/libcrypto.so (found version "3.0.2")  \n'}
[1.205651] (manual_move_action) StdoutLine: {'line': b'-- Found FastRTPS: /opt/ros/humble/include  \n'}
[1.214079] (-) TimerEvent: {}
[1.236904] (manual_move_action) StdoutLine: {'line': b"-- Using RMW implementation 'rmw_fastrtps_cpp' as default\n"}
[1.255962] (manual_move_action) StdoutLine: {'line': b'-- Looking for pthread.h\n'}
[1.317026] (-) TimerEvent: {}
[1.368155] (manual_move_action) StdoutLine: {'line': b'-- Looking for pthread.h - found\n'}
[1.368368] (manual_move_action) StdoutLine: {'line': b'-- Performing Test CMAKE_HAVE_LIBC_PTHREAD\n'}
[1.417144] (-) TimerEvent: {}
[1.439328] (manual_move_action) StdoutLine: {'line': b'-- Performing Test CMAKE_HAVE_LIBC_PTHREAD - Success\n'}
[1.441216] (manual_move_action) StdoutLine: {'line': b'-- Found Threads: TRUE  \n'}
[1.517286] (-) TimerEvent: {}
[1.525806] (manual_move_action) StdoutLine: {'line': b'-- Found rclcpp_action: 16.0.10 (/opt/ros/humble/share/rclcpp_action/cmake)\n'}
[1.573371] (manual_move_action) StdoutLine: {'line': b'-- Found rclcpp_components: 16.0.10 (/opt/ros/humble/share/rclcpp_components/cmake)\n'}
[1.597031] (manual_move_action) StdoutLine: {'line': b'-- Found rosidl_default_generators: 1.2.0 (/opt/ros/humble/share/rosidl_default_generators/cmake)\n'}
[1.617819] (-) TimerEvent: {}
[1.719209] (-) TimerEvent: {}
[1.825354] (manual_move_action) StdoutLine: {'line': b'-- Found ament_cmake_ros: 0.10.0 (/opt/ros/humble/share/ament_cmake_ros/cmake)\n'}
[1.825524] (-) TimerEvent: {}
[1.926671] (-) TimerEvent: {}
[2.027968] (-) TimerEvent: {}
[2.083161] (manual_move_action) StdoutLine: {'line': b'-- Using all available rosidl_typesupport_c: rosidl_typesupport_fastrtps_c;rosidl_typesupport_introspection_c\n'}
[2.128285] (-) TimerEvent: {}
[2.199629] (manual_move_action) StdoutLine: {'line': b'-- Using all available rosidl_typesupport_cpp: rosidl_typesupport_fastrtps_cpp;rosidl_typesupport_introspection_cpp\n'}
[2.221542] (manual_move_action) StdoutLine: {'line': b'-- Found PythonInterp: /usr/bin/python3 (found suitable version "3.10.12", minimum required is "3.6") \n'}
[2.223059] (manual_move_action) StdoutLine: {'line': b'-- Found python_cmake_module: 0.10.0 (/opt/ros/humble/share/python_cmake_module/cmake)\n'}
[2.243379] (manual_move_action) StdoutLine: {'line': b'-- Found PythonLibs: /usr/lib/x86_64-linux-gnu/libpython3.10.so (found suitable version "3.10.12", minimum required is "3.5") \n'}
[2.243775] (-) TimerEvent: {}
[2.244285] (manual_move_action) StdoutLine: {'line': b'-- Using PYTHON_EXECUTABLE: /usr/bin/python3\n'}
[2.244444] (manual_move_action) StdoutLine: {'line': b'-- Using PYTHON_INCLUDE_DIRS: /usr/include/python3.10\n'}
[2.244482] (manual_move_action) StdoutLine: {'line': b'-- Using PYTHON_LIBRARIES: /usr/lib/x86_64-linux-gnu/libpython3.10.so\n'}
[2.260667] (manual_move_action) StdoutLine: {'line': b'-- Found PythonExtra: .so  \n'}
[2.309404] (manual_move_action) StdoutLine: {'line': b'-- Found ament_lint_auto: 0.12.11 (/opt/ros/humble/share/ament_lint_auto/cmake)\n'}
[2.346145] (-) TimerEvent: {}
[2.358397] (manual_move_action) StdoutLine: {'line': b"-- Added test 'copyright' to check source files copyright and LICENSE\n"}
[2.363593] (manual_move_action) StdoutLine: {'line': b"-- Added test 'cppcheck' to perform static code analysis on C / C++ code\n"}
[2.364164] (manual_move_action) StdoutLine: {'line': b'-- Configured cppcheck include dirs: \n'}
[2.364210] (manual_move_action) StdoutLine: {'line': b'-- Configured cppcheck exclude dirs and/or files: \n'}
[2.364249] (manual_move_action) StdoutLine: {'line': b"-- Added test 'cpplint' to check C / C++ code against the Google style\n"}
[2.364279] (manual_move_action) StdoutLine: {'line': b'-- Configured cpplint exclude dirs and/or files: \n'}
[2.366710] (manual_move_action) StdoutLine: {'line': b"-- Added test 'flake8' to check Python code syntax and style conventions\n"}
[2.367718] (manual_move_action) StdoutLine: {'line': b"-- Added test 'lint_cmake' to check CMake code style\n"}
[2.369482] (manual_move_action) StdoutLine: {'line': b"-- Added test 'pep257' to check Python code against some of the docstring style conventions in PEP 257\n"}
[2.370211] (manual_move_action) StdoutLine: {'line': b"-- Added test 'uncrustify' to check C / C++ code style\n"}
[2.370319] (manual_move_action) StdoutLine: {'line': b'-- Configured uncrustify additional arguments: \n'}
[2.371473] (manual_move_action) StdoutLine: {'line': b"-- Added test 'xmllint' to check XML markup files\n"}
[2.380245] (manual_move_action) StdoutLine: {'line': b'-- Configuring done\n'}
[2.446433] (-) TimerEvent: {}
[2.485209] (manual_move_action) StdoutLine: {'line': b'-- Generating done\n'}
[2.488898] (manual_move_action) StdoutLine: {'line': b'-- Build files have been written to: /home/ws/roarm_ws_em0/build/manual_move_action\n'}
[2.501894] (manual_move_action) CommandEnded: {'returncode': 0}
[2.502677] (manual_move_action) JobProgress: {'identifier': 'manual_move_action', 'progress': 'build'}
[2.502740] (manual_move_action) Command: {'cmd': ['/usr/bin/cmake', '--build', '/home/ws/roarm_ws_em0/build/manual_move_action', '--', '-j4', '-l4'], 'cwd': '/home/ws/roarm_ws_em0/build/manual_move_action', 'env': OrderedDict([('LESSOPEN', '| /usr/bin/lesspipe %s'), ('LANGUAGE', 'en_US:'), ('USER', 'ws'), ('LC_TIME', 'zh_CN.UTF-8'), ('XDG_SESSION_TYPE', 'wayland'), ('SHLVL', '1'), ('LD_LIBRARY_PATH', '/home/ws/roarm_ws_em0/install/ros2web_interfaces/lib:/home/ws/roarm_ws_em0/install/roarm_moveit_ikfast_plugins/lib:/home/ws/roarm_ws_em0/install/roarm_moveit/lib:/home/ws/roarm_ws_em0/install/moveit_servo/lib:/home/ws/roarm_ws_em0/install/manual_move_action/lib:/opt/ros/humble/opt/rviz_ogre_vendor/lib:/opt/ros/humble/lib/x86_64-linux-gnu:/opt/ros/humble/lib'), ('HOME', '/home/ws'), ('OLDPWD', '/home/ws'), ('DESKTOP_SESSION', 'ubuntu'), ('ROS_PYTHON_VERSION', '3'), ('GNOME_SHELL_SESSION_MODE', 'ubuntu'), ('GTK_MODULES', 'gail:atk-bridge'), ('LC_MONETARY', 'zh_CN.UTF-8'), ('SYSTEMD_EXEC_PID', '1510'), ('DBUS_SESSION_BUS_ADDRESS', 'unix:path=/run/user/1000/bus'), ('COLORTERM', 'truecolor'), ('_colcon_cd_root', '/opt/ros/humble/'), ('IM_CONFIG_PHASE', '1'), ('WAYLAND_DISPLAY', 'wayland-0'), ('COLCON_PREFIX_PATH', '/home/ws/roarm_ws_em0/install'), ('ROS_DISTRO', 'humble'), ('LOGNAME', 'ws'), ('_', '/usr/bin/colcon'), ('ROS_VERSION', '2'), ('XDG_SESSION_CLASS', 'user'), ('USERNAME', 'ws'), ('TERM', 'xterm-256color'), ('GNOME_DESKTOP_SESSION_ID', 'this-is-deprecated'), ('ROS_LOCALHOST_ONLY', '0'), ('PATH', '/opt/ros/humble/bin:/home/ws/.local/bin:/usr/local/sbin:/usr/local/bin:/usr/sbin:/usr/bin:/sbin:/bin:/usr/games:/usr/local/games:/snap/bin:/snap/bin'), ('SESSION_MANAGER', 'local/ws:@/tmp/.ICE-unix/1479,unix/ws:/tmp/.ICE-unix/1479'), ('XDG_MENU_PREFIX', 'gnome-'), ('LC_ADDRESS', 'zh_CN.UTF-8'), ('GNOME_TERMINAL_SCREEN', '/org/gnome/Terminal/screen/fe4f1606_2a3b_47fd_b5d4_fa91378d518f'), ('GNOME_SETUP_DISPLAY', ':1'), ('XDG_RUNTIME_DIR', '/run/user/1000'), ('DISPLAY', ':0'), ('LANG', 'en_US.UTF-8'), ('XDG_CURRENT_DESKTOP', 'ubuntu:GNOME'), ('LC_TELEPHONE', 'zh_CN.UTF-8'), ('XMODIFIERS', '@im=ibus'), ('XDG_SESSION_DESKTOP', 'ubuntu'), ('XAUTHORITY', '/run/user/1000/.mutter-Xwaylandauth.NANV92'), ('LS_COLORS', 'rs=0:di=01;34:ln=01;36:mh=00:pi=40;33:so=01;35:do=01;35:bd=40;33;01:cd=40;33;01:or=40;31;01:mi=00:su=37;41:sg=30;43:ca=30;41:tw=30;42:ow=34;42:st=37;44:ex=01;32:*.tar=01;31:*.tgz=01;31:*.arc=01;31:*.arj=01;31:*.taz=01;31:*.lha=01;31:*.lz4=01;31:*.lzh=01;31:*.lzma=01;31:*.tlz=01;31:*.txz=01;31:*.tzo=01;31:*.t7z=01;31:*.zip=01;31:*.z=01;31:*.dz=01;31:*.gz=01;31:*.lrz=01;31:*.lz=01;31:*.lzo=01;31:*.xz=01;31:*.zst=01;31:*.tzst=01;31:*.bz2=01;31:*.bz=01;31:*.tbz=01;31:*.tbz2=01;31:*.tz=01;31:*.deb=01;31:*.rpm=01;31:*.jar=01;31:*.war=01;31:*.ear=01;31:*.sar=01;31:*.rar=01;31:*.alz=01;31:*.ace=01;31:*.zoo=01;31:*.cpio=01;31:*.7z=01;31:*.rz=01;31:*.cab=01;31:*.wim=01;31:*.swm=01;31:*.dwm=01;31:*.esd=01;31:*.jpg=01;35:*.jpeg=01;35:*.mjpg=01;35:*.mjpeg=01;35:*.gif=01;35:*.bmp=01;35:*.pbm=01;35:*.pgm=01;35:*.ppm=01;35:*.tga=01;35:*.xbm=01;35:*.xpm=01;35:*.tif=01;35:*.tiff=01;35:*.png=01;35:*.svg=01;35:*.svgz=01;35:*.mng=01;35:*.pcx=01;35:*.mov=01;35:*.mpg=01;35:*.mpeg=01;35:*.m2v=01;35:*.mkv=01;35:*.webm=01;35:*.webp=01;35:*.ogm=01;35:*.mp4=01;35:*.m4v=01;35:*.mp4v=01;35:*.vob=01;35:*.qt=01;35:*.nuv=01;35:*.wmv=01;35:*.asf=01;35:*.rm=01;35:*.rmvb=01;35:*.flc=01;35:*.avi=01;35:*.fli=01;35:*.flv=01;35:*.gl=01;35:*.dl=01;35:*.xcf=01;35:*.xwd=01;35:*.yuv=01;35:*.cgm=01;35:*.emf=01;35:*.ogv=01;35:*.ogx=01;35:*.aac=00;36:*.au=00;36:*.flac=00;36:*.m4a=00;36:*.mid=00;36:*.midi=00;36:*.mka=00;36:*.mp3=00;36:*.mpc=00;36:*.ogg=00;36:*.ra=00;36:*.wav=00;36:*.oga=00;36:*.opus=00;36:*.spx=00;36:*.xspf=00;36:'), ('GNOME_TERMINAL_SERVICE', ':1.163'), ('SSH_AGENT_LAUNCHER', 'gnome-keyring'), ('SSH_AUTH_SOCK', '/run/user/1000/keyring/ssh'), ('ROS_DOMAIN_ID', '0'), ('AMENT_PREFIX_PATH', '/home/ws/roarm_ws_em0/install/ros2web_widgets:/home/ws/roarm_ws_em0/install/ros2web_example_py:/home/ws/roarm_ws_em0/install/roarm_web_app:/home/ws/roarm_ws_em0/install/ros2web_app:/home/ws/roarm_ws_em0/install/ros2web:/home/ws/roarm_ws_em0/install/ros2web_interfaces:/home/ws/roarm_ws_em0/install/roarm_moveit_ikfast_plugins:/home/ws/roarm_ws_em0/install/roarm_moveit_cmd:/home/ws/roarm_ws_em0/install/roarm_moveit:/home/ws/roarm_ws_em0/install/roarm_driver:/home/ws/roarm_ws_em0/install/roarm_description:/home/ws/roarm_ws_em0/install/moveit_servo:/home/ws/roarm_ws_em0/install/manual_move_action:/home/ws/roarm_ws_em0/install/manual_move:/home/ws/roarm_ws_em0/install/launch_api:/opt/ros/humble'), ('SHELL', '/bin/bash'), ('LC_NAME', 'zh_CN.UTF-8'), ('QT_ACCESSIBILITY', '1'), ('GDMSESSION', 'ubuntu'), ('LESSCLOSE', '/usr/bin/lesspipe %s %s'), ('LC_MEASUREMENT', 'zh_CN.UTF-8'), ('LC_IDENTIFICATION', 'zh_CN.UTF-8'), ('QT_IM_MODULE', 'ibus'), ('PWD', '/home/ws/roarm_ws_em0/build/manual_move_action'), ('XDG_CONFIG_DIRS', '/etc/xdg/xdg-ubuntu:/etc/xdg'), ('XDG_DATA_DIRS', '/usr/share/ubuntu:/usr/local/share/:/usr/share/:/var/lib/snapd/desktop'), ('PYTHONPATH', '/home/ws/roarm_ws_em0/install/ros2web_widgets/lib/python3.10/site-packages:/home/ws/roarm_ws_em0/install/ros2web_example_py/lib/python3.10/site-packages:/home/ws/roarm_ws_em0/install/roarm_web_app/lib/python3.10/site-packages:/home/ws/roarm_ws_em0/install/ros2web_app/lib/python3.10/site-packages:/home/ws/roarm_ws_em0/install/ros2web/lib/python3.10/site-packages:/home/ws/roarm_ws_em0/install/ros2web_interfaces/local/lib/python3.10/dist-packages:/home/ws/roarm_ws_em0/install/roarm_moveit/local/lib/python3.10/dist-packages:/home/ws/roarm_ws_em0/install/roarm_driver/lib/python3.10/site-packages:/home/ws/roarm_ws_em0/install/manual_move_action/local/lib/python3.10/dist-packages:/home/ws/roarm_ws_em0/install/launch_api/lib/python3.10/site-packages:/opt/ros/humble/lib/python3.10/site-packages:/opt/ros/humble/local/lib/python3.10/dist-packages'), ('LC_NUMERIC', 'zh_CN.UTF-8'), ('LC_PAPER', 'zh_CN.UTF-8'), ('COLCON', '1'), ('VTE_VERSION', '6800'), ('CMAKE_PREFIX_PATH', '/home/ws/roarm_ws_em0/install/ros2web_interfaces:/home/ws/roarm_ws_em0/install/roarm_moveit_ikfast_plugins:/home/ws/roarm_ws_em0/install/roarm_moveit_cmd:/home/ws/roarm_ws_em0/install/roarm_moveit:/home/ws/roarm_ws_em0/install/roarm_description:/home/ws/roarm_ws_em0/install/moveit_servo:/home/ws/roarm_ws_em0/install/manual_move_action:/home/ws/roarm_ws_em0/install/manual_move:/home/ws/roarm_ws_em0/install/ros2web_widgets:/home/ws/roarm_ws_em0/install/ros2web_example_py:/home/ws/roarm_ws_em0/install/roarm_web_app:/home/ws/roarm_ws_em0/install/ros2web_app:/home/ws/roarm_ws_em0/install/ros2web:/home/ws/roarm_ws_em0/install/roarm_driver:/home/ws/roarm_ws_em0/install/launch_api:/opt/ros/humble')]), 'shell': False}
[2.546903] (-) TimerEvent: {}
[2.555202] (manual_move_action) StdoutLine: {'line': b'\x1b[35m\x1b[1mConsolidate compiler generated dependencies of target manual_move_action__rosidl_generator_c\x1b[0m\n'}
[2.566166] (manual_move_action) StdoutLine: {'line': b'[  2%] Built target manual_move_action__cpp\n'}
[2.567140] (manual_move_action) StdoutLine: {'line': b'[  5%] \x1b[32m\x1b[1mLinking C shared library libmanual_move_action__rosidl_generator_c.so\x1b[0m\n'}
[2.575513] (manual_move_action) StdoutLine: {'line': b'[  5%] Built target ament_cmake_python_copy_manual_move_action\n'}
[2.578920] (manual_move_action) StdoutLine: {'line': b'\x1b[35m\x1b[1mConsolidate compiler generated dependencies of target manual_move_action__rosidl_typesupport_fastrtps_cpp\x1b[0m\n'}
[2.584098] (manual_move_action) StdoutLine: {'line': b'\x1b[35m\x1b[1mConsolidate compiler generated dependencies of target manual_move_action__rosidl_typesupport_cpp\x1b[0m\n'}
[2.596591] (manual_move_action) StdoutLine: {'line': b'\x1b[35m\x1b[1mConsolidate compiler generated dependencies of target manual_move_action__rosidl_typesupport_introspection_cpp\x1b[0m\n'}
[2.597621] (manual_move_action) StdoutLine: {'line': b'[  8%] \x1b[32m\x1b[1mLinking CXX shared library libmanual_move_action__rosidl_typesupport_cpp.so\x1b[0m\n'}
[2.599621] (manual_move_action) StdoutLine: {'line': b'[ 11%] \x1b[32m\x1b[1mLinking CXX shared library libmanual_move_action__rosidl_typesupport_fastrtps_cpp.so\x1b[0m\n'}
[2.609062] (manual_move_action) StdoutLine: {'line': b'[ 14%] \x1b[32m\x1b[1mLinking CXX shared library libmanual_move_action__rosidl_typesupport_introspection_cpp.so\x1b[0m\n'}
[2.614260] (manual_move_action) StdoutLine: {'line': b'[ 20%] Built target manual_move_action__rosidl_generator_c\n'}
[2.648993] (manual_move_action) StdoutLine: {'line': b'[ 25%] Built target manual_move_action__rosidl_typesupport_cpp\n'}
[2.649216] (-) TimerEvent: {}
[2.665712] (manual_move_action) StdoutLine: {'line': b'\x1b[35m\x1b[1mConsolidate compiler generated dependencies of target manual_move_action__rosidl_typesupport_fastrtps_c\x1b[0m\n'}
[2.683034] (manual_move_action) StdoutLine: {'line': b'[ 28%] \x1b[32m\x1b[1mLinking CXX shared library libmanual_move_action__rosidl_typesupport_fastrtps_c.so\x1b[0m\n'}
[2.702258] (manual_move_action) StdoutLine: {'line': b'[ 34%] Built target manual_move_action__rosidl_typesupport_fastrtps_cpp\n'}
[2.711557] (manual_move_action) StdoutLine: {'line': b'[ 40%] Built target manual_move_action__rosidl_typesupport_introspection_cpp\n'}
[2.720464] (manual_move_action) StdoutLine: {'line': b'\x1b[35m\x1b[1mConsolidate compiler generated dependencies of target manual_move_action__rosidl_typesupport_introspection_c\x1b[0m\n'}
[2.733668] (manual_move_action) StdoutLine: {'line': b'\x1b[35m\x1b[1mConsolidate compiler generated dependencies of target manual_move_action__rosidl_typesupport_c\x1b[0m\n'}
[2.745338] (manual_move_action) StdoutLine: {'line': b'[ 42%] \x1b[32m\x1b[1mLinking C shared library libmanual_move_action__rosidl_typesupport_introspection_c.so\x1b[0m\n'}
[2.748359] (manual_move_action) StdoutLine: {'line': b'[ 45%] \x1b[32m\x1b[1mLinking CXX shared library libmanual_move_action__rosidl_typesupport_c.so\x1b[0m\n'}
[2.751899] (-) TimerEvent: {}
[2.775820] (manual_move_action) StdoutLine: {'line': b'[ 51%] Built target manual_move_action__rosidl_typesupport_fastrtps_c\n'}
[2.797496] (manual_move_action) StdoutLine: {'line': b'[ 57%] Built target manual_move_action__rosidl_typesupport_introspection_c\n'}
[2.822031] (manual_move_action) StdoutLine: {'line': b'[ 62%] Built target manual_move_action__rosidl_typesupport_c\n'}
[2.823354] (manual_move_action) StdoutLine: {'line': b'[ 65%] \x1b[32mBuilding CXX object CMakeFiles/manual_move_client.dir/src/manual_move_client.cpp.o\x1b[0m\n'}
[2.838998] (manual_move_action) StdoutLine: {'line': b'[ 68%] \x1b[32mBuilding CXX object CMakeFiles/manual_move_server.dir/src/manual_move_server.cpp.o\x1b[0m\n'}
[2.853682] (-) TimerEvent: {}
[2.856284] (manual_move_action) StdoutLine: {'line': b'[ 68%] Built target manual_move_action\n'}
[2.861391] (manual_move_action) StdoutLine: {'line': b'running egg_info\n'}
[2.861627] (manual_move_action) StdoutLine: {'line': b'writing manual_move_action.egg-info/PKG-INFO\n'}
[2.862522] (manual_move_action) StdoutLine: {'line': b'writing dependency_links to manual_move_action.egg-info/dependency_links.txt\n'}
[2.863259] (manual_move_action) StdoutLine: {'line': b'writing top-level names to manual_move_action.egg-info/top_level.txt\n'}
[2.867913] (manual_move_action) StdoutLine: {'line': b"reading manifest file 'manual_move_action.egg-info/SOURCES.txt'\n"}
[2.869009] (manual_move_action) StdoutLine: {'line': b"writing manifest file 'manual_move_action.egg-info/SOURCES.txt'\n"}
[2.885870] (manual_move_action) StdoutLine: {'line': b'[ 71%] \x1b[34m\x1b[1mGenerating Python code for ROS interfaces\x1b[0m\n'}
[2.906112] (manual_move_action) StdoutLine: {'line': b'[ 71%] Built target ament_cmake_python_build_manual_move_action_egg\n'}
[2.954704] (-) TimerEvent: {}
[3.063360] (-) TimerEvent: {}
[3.123265] (manual_move_action) StderrLine: {'line': b'\x1b[01m\x1b[K/home/ws/roarm_ws_em0/src/roarm_main/manual_move_action/src/manual_move_server.cpp:15:10:\x1b[m\x1b[K \x1b[01;31m\x1b[Kfatal error: \x1b[m\x1b[Kroarm_moveit/srv/MovePointCmd.hpp: No such file or directory\n'}
[3.127104] (manual_move_action) StderrLine: {'line': b'   15 | #include \x1b[01;31m\x1b[K"roarm_moveit/srv/MovePointCmd.hpp"\x1b[m\x1b[K\n'}
[3.127268] (manual_move_action) StderrLine: {'line': b'      |          \x1b[01;31m\x1b[K^~~~~~~~~~~~~~~~~~~~~~~~~~~~~~~~~~~\x1b[m\x1b[K\n'}
[3.127305] (manual_move_action) StderrLine: {'line': b'compilation terminated.\n'}
[3.130906] (manual_move_action) StderrLine: {'line': b'gmake[2]: *** [CMakeFiles/manual_move_server.dir/build.make:76: CMakeFiles/manual_move_server.dir/src/manual_move_server.cpp.o] Error 1\n'}
[3.131163] (manual_move_action) StderrLine: {'line': b'gmake[1]: *** [CMakeFiles/Makefile2:622: CMakeFiles/manual_move_server.dir/all] Error 2\n'}
[3.131201] (manual_move_action) StderrLine: {'line': b'gmake[1]: *** Waiting for unfinished jobs....\n'}
[3.166211] (-) TimerEvent: {}
[3.269244] (-) TimerEvent: {}
[3.372886] (-) TimerEvent: {}
[3.454116] (manual_move_action) StdoutLine: {'line': b'[ 71%] Built target manual_move_action__py\n'}
[3.472999] (-) TimerEvent: {}
[3.574083] (-) TimerEvent: {}
[3.676256] (-) TimerEvent: {}
[3.777283] (-) TimerEvent: {}
[3.877800] (-) TimerEvent: {}
[3.978846] (-) TimerEvent: {}
[4.080814] (-) TimerEvent: {}
[4.184657] (-) TimerEvent: {}
[4.288188] (-) TimerEvent: {}
[4.389074] (-) TimerEvent: {}
[4.491951] (-) TimerEvent: {}
[4.593482] (-) TimerEvent: {}
[4.695675] (-) TimerEvent: {}
[4.808337] (-) TimerEvent: {}
[4.912332] (-) TimerEvent: {}
[4.938427] (manual_move_action) StderrLine: {'line': b'\x1b[01m\x1b[K/home/ws/roarm_ws_em0/src/roarm_main/manual_move_action/src/manual_move_client.cpp:\x1b[m\x1b[K In member function \xe2\x80\x98\x1b[01m\x1b[Kvoid MinimalActionClient::feedback_callback(rclcpp_action::ClientGoalHandle<manual_move_action::action::MoveInfo>::SharedPtr, std::shared_ptr<const manual_move_action::action::MoveInfo_Feedback_<std::allocator<void> > >)\x1b[m\x1b[K\xe2\x80\x99:\n'}
[4.938696] (manual_move_action) StderrLine: {'line': b'\x1b[01m\x1b[K/home/ws/roarm_ws_em0/src/roarm_main/manual_move_action/src/manual_move_client.cpp:56:69:\x1b[m\x1b[K \x1b[01;35m\x1b[Kwarning: \x1b[m\x1b[Kunused parameter \xe2\x80\x98\x1b[01m\x1b[Kfeedback\x1b[m\x1b[K\xe2\x80\x99 [\x1b[01;35m\x1b[K\x1b]8;;https://gcc.gnu.org/onlinedocs/gcc/Warning-Options.html#index-Wunused-parameter\x07-Wunused-parameter\x1b]8;;\x07\x1b[m\x1b[K]\n'}
[4.938779] (manual_move_action) StderrLine: {'line': b'   56 |               \x1b[01;35m\x1b[Kconst std::shared_ptr<const MoveInfo::Feedback> feedback\x1b[m\x1b[K)\n'}
[4.938855] (manual_move_action) StderrLine: {'line': b'      |               \x1b[01;35m\x1b[K~~~~~~~~~~~~~~~~~~~~~~~~~~~~~~~~~~~~~~~~~~~~~~~~^~~~~~~~\x1b[m\x1b[K\n'}
[4.938916] (manual_move_action) StderrLine: {'line': b'\n'}
[4.941276] (manual_move_action) StderrLine: {'line': b'\x1b[01m\x1b[K/home/ws/roarm_ws_em0/src/roarm_main/manual_move_action/src/manual_move_client.cpp:\x1b[m\x1b[K In function \xe2\x80\x98\x1b[01m\x1b[Kvoid PromptUser(const std::shared_ptr<MinimalActionClient>&)\x1b[m\x1b[K\xe2\x80\x99:\n'}
[4.941369] (manual_move_action) StderrLine: {'line': b'\x1b[01m\x1b[K/home/ws/roarm_ws_em0/src/roarm_main/manual_move_action/src/manual_move_client.cpp:90:20:\x1b[m\x1b[K \x1b[01;31m\x1b[Kerror: \x1b[m\x1b[K\xe2\x80\x98\x1b[01m\x1b[Kvoid MinimalActionClient::send_goal()\x1b[m\x1b[K\xe2\x80\x99 is private within this context\n'}
[4.941402] (manual_move_action) StderrLine: {'line': b'   90 |     \x1b[01;31m\x1b[Knode->send_goal()\x1b[m\x1b[K;  // Call your goal-sending logic\n'}
[4.941430] (manual_move_action) StderrLine: {'line': b'      |     \x1b[01;31m\x1b[K~~~~~~~~~~~~~~~^~\x1b[m\x1b[K\n'}
[4.941455] (manual_move_action) StderrLine: {'line': b'\x1b[01m\x1b[K/home/ws/roarm_ws_em0/src/roarm_main/manual_move_action/src/manual_move_client.cpp:34:8:\x1b[m\x1b[K \x1b[01;36m\x1b[Knote: \x1b[m\x1b[Kdeclared private here\n'}
[4.941481] (manual_move_action) StderrLine: {'line': b'   34 |   void \x1b[01;36m\x1b[Ksend_goal\x1b[m\x1b[K()\n'}
[4.941505] (manual_move_action) StderrLine: {'line': b'      |        \x1b[01;36m\x1b[K^~~~~~~~~\x1b[m\x1b[K\n'}
[5.015359] (-) TimerEvent: {}
[5.116428] (-) TimerEvent: {}
[5.232974] (-) TimerEvent: {}
[5.351574] (-) TimerEvent: {}
[5.454658] (-) TimerEvent: {}
[5.469780] (manual_move_action) StderrLine: {'line': b'gmake[2]: *** [CMakeFiles/manual_move_client.dir/build.make:76: CMakeFiles/manual_move_client.dir/src/manual_move_client.cpp.o] Error 1\n'}
[5.470466] (manual_move_action) StderrLine: {'line': b'gmake[1]: *** [CMakeFiles/Makefile2:595: CMakeFiles/manual_move_client.dir/all] Error 2\n'}
[5.471080] (manual_move_action) StderrLine: {'line': b'gmake: *** [Makefile:146: all] Error 2\n'}
[5.472403] (manual_move_action) CommandEnded: {'returncode': 2}
[5.555135] (-) TimerEvent: {}
[5.608332] (manual_move_action) JobEnded: {'identifier': 'manual_move_action', 'rc': 2}
[5.619224] (-) EventReactorShutdown: {}
