[0.018s] Invoking command in '/home/ws/roarm_ws_em0/build/manual_move_action': AMENT_PREFIX_PATH=/home/ws/roarm_ws_em0/install/roarm_moveit:/home/ws/roarm_ws_em0/install/roarm_description:${AMENT_PREFIX_PATH} CMAKE_PREFIX_PATH=/home/ws/roarm_ws_em0/install/roarm_moveit:/home/ws/roarm_ws_em0/install/roarm_description:/opt/ros/humble LD_LIBRARY_PATH=/home/ws/roarm_ws_em0/install/roarm_moveit/lib:${LD_LIBRARY_PATH} PYTHONPATH=/home/ws/roarm_ws_em0/install/roarm_moveit/local/lib/python3.10/dist-packages:${PYTHONPATH} /usr/bin/cmake /home/ws/roarm_ws_em0/src/roarm_main/manual_move_action -DCMAKE_INSTALL_PREFIX=/home/ws/roarm_ws_em0/install/manual_move_action
[0.090s] -- The C compiler identification is GNU 11.4.0
[0.143s] -- The CXX compiler identification is GNU 11.4.0
[0.152s] -- Detecting C compiler ABI info
[0.231s] -- Detecting C compiler ABI info - done
[0.235s] -- Check for working C compiler: /usr/bin/cc - skipped
[0.236s] -- Detecting C compile features
[0.236s] -- Detecting C compile features - done
[0.241s] -- Detecting CXX compiler ABI info
[0.339s] -- Detecting CXX compiler ABI info - done
[0.344s] -- Check for working CXX compiler: /usr/bin/c++ - skipped
[0.344s] -- Detecting CXX compile features
[0.344s] -- Detecting CXX compile features - done
[0.346s] -- Found ament_cmake: 1.3.10 (/opt/ros/humble/share/ament_cmake/cmake)
[0.484s] -- Found Python3: /usr/bin/python3 (found version "3.10.12") found components: Interpreter 
[0.556s] -- Found rclcpp: 16.0.10 (/opt/ros/humble/share/rclcpp/cmake)
[0.592s] -- Found rosidl_generator_c: 3.1.5 (/opt/ros/humble/share/rosidl_generator_c/cmake)
[0.594s] -- Found rosidl_adapter: 3.1.5 (/opt/ros/humble/share/rosidl_adapter/cmake)
[0.600s] -- Found rosidl_generator_cpp: 3.1.5 (/opt/ros/humble/share/rosidl_generator_cpp/cmake)
[0.607s] -- Using all available rosidl_typesupport_c: rosidl_typesupport_fastrtps_c;rosidl_typesupport_introspection_c
[0.617s] -- Using all available rosidl_typesupport_cpp: rosidl_typesupport_fastrtps_cpp;rosidl_typesupport_introspection_cpp
[0.651s] -- Found rmw_implementation_cmake: 6.1.2 (/opt/ros/humble/share/rmw_implementation_cmake/cmake)
[0.652s] -- Found rmw_fastrtps_cpp: 6.2.7 (/opt/ros/humble/share/rmw_fastrtps_cpp/cmake)
[0.751s] -- Found OpenSSL: /usr/lib/x86_64-linux-gnu/libcrypto.so (found version "3.0.2")  
[0.775s] -- Found FastRTPS: /opt/ros/humble/include  
[0.808s] -- Using RMW implementation 'rmw_fastrtps_cpp' as default
[0.814s] -- Looking for pthread.h
[0.900s] -- Looking for pthread.h - found
[0.900s] -- Performing Test CMAKE_HAVE_LIBC_PTHREAD
[0.985s] -- Performing Test CMAKE_HAVE_LIBC_PTHREAD - Success
[0.985s] -- Found Threads: TRUE  
[1.016s] -- Found rclcpp_action: 16.0.10 (/opt/ros/humble/share/rclcpp_action/cmake)
[1.065s] -- Found rclcpp_components: 16.0.10 (/opt/ros/humble/share/rclcpp_components/cmake)
[1.065s] -- Found roarm_moveit: 0.3.0 (/home/ws/roarm_ws_em0/install/roarm_moveit/share/roarm_moveit/cmake)
[1.065s] -- Found rosidl_default_generators: 1.2.0 (/opt/ros/humble/share/rosidl_default_generators/cmake)
[1.294s] -- Found ament_cmake_ros: 0.10.0 (/opt/ros/humble/share/ament_cmake_ros/cmake)
[1.567s] -- Using all available rosidl_typesupport_c: rosidl_typesupport_fastrtps_c;rosidl_typesupport_introspection_c
[1.688s] -- Using all available rosidl_typesupport_cpp: rosidl_typesupport_fastrtps_cpp;rosidl_typesupport_introspection_cpp
[1.711s] -- Found PythonInterp: /usr/bin/python3 (found suitable version "3.10.12", minimum required is "3.6") 
[1.714s] -- Found python_cmake_module: 0.10.0 (/opt/ros/humble/share/python_cmake_module/cmake)
[1.737s] -- Found PythonLibs: /usr/lib/x86_64-linux-gnu/libpython3.10.so (found suitable version "3.10.12", minimum required is "3.5") 
[1.737s] -- Using PYTHON_EXECUTABLE: /usr/bin/python3
[1.737s] -- Using PYTHON_INCLUDE_DIRS: /usr/include/python3.10
[1.737s] -- Using PYTHON_LIBRARIES: /usr/lib/x86_64-linux-gnu/libpython3.10.so
[1.756s] -- Found PythonExtra: .so  
[1.795s] -- Found ament_lint_auto: 0.12.11 (/opt/ros/humble/share/ament_lint_auto/cmake)
[1.810s] -- Added test 'copyright' to check source files copyright and LICENSE
[1.811s] -- Added test 'cppcheck' to perform static code analysis on C / C++ code
[1.813s] -- Configured cppcheck include dirs: 
[1.813s] -- Configured cppcheck exclude dirs and/or files: 
[1.813s] -- Added test 'cpplint' to check C / C++ code against the Google style
[1.813s] -- Configured cpplint exclude dirs and/or files: 
[1.813s] -- Added test 'flake8' to check Python code syntax and style conventions
[1.813s] -- Added test 'lint_cmake' to check CMake code style
[1.814s] -- Added test 'pep257' to check Python code against some of the docstring style conventions in PEP 257
[1.814s] -- Added test 'uncrustify' to check C / C++ code style
[1.815s] -- Configured uncrustify additional arguments: 
[1.815s] -- Added test 'xmllint' to check XML markup files
[1.816s] -- Configuring done
[1.883s] -- Generating done
[1.893s] -- Build files have been written to: /home/ws/roarm_ws_em0/build/manual_move_action
[1.912s] Invoked command in '/home/ws/roarm_ws_em0/build/manual_move_action' returned '0': AMENT_PREFIX_PATH=/home/ws/roarm_ws_em0/install/roarm_moveit:/home/ws/roarm_ws_em0/install/roarm_description:${AMENT_PREFIX_PATH} CMAKE_PREFIX_PATH=/home/ws/roarm_ws_em0/install/roarm_moveit:/home/ws/roarm_ws_em0/install/roarm_description:/opt/ros/humble LD_LIBRARY_PATH=/home/ws/roarm_ws_em0/install/roarm_moveit/lib:${LD_LIBRARY_PATH} PYTHONPATH=/home/ws/roarm_ws_em0/install/roarm_moveit/local/lib/python3.10/dist-packages:${PYTHONPATH} /usr/bin/cmake /home/ws/roarm_ws_em0/src/roarm_main/manual_move_action -DCMAKE_INSTALL_PREFIX=/home/ws/roarm_ws_em0/install/manual_move_action
[1.912s] Invoking command in '/home/ws/roarm_ws_em0/build/manual_move_action': AMENT_PREFIX_PATH=/home/ws/roarm_ws_em0/install/roarm_moveit:/home/ws/roarm_ws_em0/install/roarm_description:${AMENT_PREFIX_PATH} CMAKE_PREFIX_PATH=/home/ws/roarm_ws_em0/install/roarm_moveit:/home/ws/roarm_ws_em0/install/roarm_description:/opt/ros/humble LD_LIBRARY_PATH=/home/ws/roarm_ws_em0/install/roarm_moveit/lib:${LD_LIBRARY_PATH} PYTHONPATH=/home/ws/roarm_ws_em0/install/roarm_moveit/local/lib/python3.10/dist-packages:${PYTHONPATH} /usr/bin/cmake --build /home/ws/roarm_ws_em0/build/manual_move_action -- -j4 -l4
[1.958s] [35m[1mConsolidate compiler generated dependencies of target manual_move_action__rosidl_generator_c[0m
[1.976s] [  8%] Built target manual_move_action__rosidl_generator_c
[1.976s] [ 11%] Built target manual_move_action__cpp
[1.993s] [ 11%] Built target ament_cmake_python_copy_manual_move_action
[1.993s] [35m[1mConsolidate compiler generated dependencies of target manual_move_action__rosidl_typesupport_introspection_c[0m
[1.997s] [35m[1mConsolidate compiler generated dependencies of target manual_move_action__rosidl_typesupport_fastrtps_c[0m
[1.998s] [35m[1mConsolidate compiler generated dependencies of target manual_move_action__rosidl_typesupport_c[0m
[2.008s] [ 20%] Built target manual_move_action__rosidl_typesupport_introspection_c
[2.008s] [35m[1mConsolidate compiler generated dependencies of target manual_move_action__rosidl_typesupport_introspection_cpp[0m
[2.021s] [ 28%] Built target manual_move_action__rosidl_typesupport_c
[2.022s] [ 37%] Built target manual_move_action__rosidl_typesupport_fastrtps_c
[2.025s] [ 45%] Built target manual_move_action__rosidl_typesupport_introspection_cpp
[2.041s] [35m[1mConsolidate compiler generated dependencies of target manual_move_action__rosidl_typesupport_cpp[0m
[2.043s] [35m[1mConsolidate compiler generated dependencies of target manual_move_action__rosidl_typesupport_fastrtps_cpp[0m
[2.073s] [ 54%] Built target manual_move_action__rosidl_typesupport_cpp
[2.074s] [ 62%] Built target manual_move_action__rosidl_typesupport_fastrtps_cpp
[2.094s] [35m[1mConsolidate compiler generated dependencies of target manual_move_client[0m
[2.094s] [35m[1mConsolidate compiler generated dependencies of target manual_move_server[0m
[2.111s] [ 62%] Built target manual_move_action
[2.119s] [ 65%] [32mBuilding CXX object CMakeFiles/manual_move_client.dir/src/manual_move_client.cpp.o[0m
[2.136s] [ 68%] Built target manual_move_action__py
[2.147s] [ 71%] [32mBuilding CXX object CMakeFiles/manual_move_server.dir/src/manual_move_server.cpp.o[0m
[2.166s] [35m[1mConsolidate compiler generated dependencies of target manual_move_action__rosidl_generator_py[0m
[2.239s] running egg_info
[2.239s] writing manual_move_action.egg-info/PKG-INFO
[2.239s] writing dependency_links to manual_move_action.egg-info/dependency_links.txt
[2.241s] writing top-level names to manual_move_action.egg-info/top_level.txt
[2.244s] reading manifest file 'manual_move_action.egg-info/SOURCES.txt'
[2.245s] writing manifest file 'manual_move_action.egg-info/SOURCES.txt'
[2.287s] [ 77%] Built target manual_move_action__rosidl_generator_py
[2.313s] [35m[1mConsolidate compiler generated dependencies of target manual_move_action__rosidl_typesupport_fastrtps_c__pyext[0m
[2.317s] [ 77%] Built target ament_cmake_python_build_manual_move_action_egg
[2.333s] [35m[1mConsolidate compiler generated dependencies of target manual_move_action__rosidl_typesupport_introspection_c__pyext[0m
[2.378s] [01m[K/home/ws/roarm_ws_em0/src/roarm_main/manual_move_action/src/manual_move_server.cpp:18:10:[m[K [01;31m[Kfatal error: [m[Kstd_srvs/srv/empty.hpp: No such file or directory
[2.378s]    18 | #include [01;31m[K<std_srvs/srv/empty.hpp>[m[K
[2.378s]       |          [01;31m[K^~~~~~~~~~~~~~~~~~~~~~~~[m[K
[2.378s] compilation terminated.
[2.378s] [ 82%] Built target manual_move_action__rosidl_typesupport_fastrtps_c__pyext
[2.379s] [ 88%] Built target manual_move_action__rosidl_typesupport_introspection_c__pyext
[2.383s] gmake[2]: *** [CMakeFiles/manual_move_server.dir/build.make:76: CMakeFiles/manual_move_server.dir/src/manual_move_server.cpp.o] Error 1
[2.384s] gmake[1]: *** [CMakeFiles/Makefile2:622: CMakeFiles/manual_move_server.dir/all] Error 2
[2.384s] gmake[1]: *** Waiting for unfinished jobs....
[2.393s] [35m[1mConsolidate compiler generated dependencies of target manual_move_action__rosidl_typesupport_c__pyext[0m
[2.412s] [ 94%] Built target manual_move_action__rosidl_typesupport_c__pyext
[4.187s] [01m[K/home/ws/roarm_ws_em0/src/roarm_main/manual_move_action/src/manual_move_client.cpp:[m[K In member function â€˜[01m[Kvoid MinimalActionClient::feedback_callback(rclcpp_action::ClientGoalHandle<manual_move_action::action::MoveInfo>::SharedPtr, std::shared_ptr<const manual_move_action::action::MoveInfo_Feedback_<std::allocator<void> > >)[m[Kâ€™:
[4.188s] [01m[K/home/ws/roarm_ws_em0/src/roarm_main/manual_move_action/src/manual_move_client.cpp:58:69:[m[K [01;35m[Kwarning: [m[Kunused parameter â€˜[01m[Kfeedback[m[Kâ€™ [[01;35m[K]8;;https://gcc.gnu.org/onlinedocs/gcc/Warning-Options.html#index-Wunused-parameter-Wunused-parameter]8;;[m[K]
[4.188s]    58 |                     [01;35m[Kconst std::shared_ptr<const MoveInfo::Feedback> feedback[m[K)
[4.188s]       |                     [01;35m[K~~~~~~~~~~~~~~~~~~~~~~~~~~~~~~~~~~~~~~~~~~~~~~~~^~~~~~~~[m[K
[5.343s] [ 97%] [32m[1mLinking CXX executable manual_move_client[0m
[5.465s] [ 97%] Built target manual_move_client
[5.467s] gmake: *** [Makefile:146: all] Error 2
[5.470s] Invoked command in '/home/ws/roarm_ws_em0/build/manual_move_action' returned '2': AMENT_PREFIX_PATH=/home/ws/roarm_ws_em0/install/roarm_moveit:/home/ws/roarm_ws_em0/install/roarm_description:${AMENT_PREFIX_PATH} CMAKE_PREFIX_PATH=/home/ws/roarm_ws_em0/install/roarm_moveit:/home/ws/roarm_ws_em0/install/roarm_description:/opt/ros/humble LD_LIBRARY_PATH=/home/ws/roarm_ws_em0/install/roarm_moveit/lib:${LD_LIBRARY_PATH} PYTHONPATH=/home/ws/roarm_ws_em0/install/roarm_moveit/local/lib/python3.10/dist-packages:${PYTHONPATH} /usr/bin/cmake --build /home/ws/roarm_ws_em0/build/manual_move_action -- -j4 -l4
