[0.018s] Invoking command in '/home/ws/roarm_ws_em0/build/manual_move_action': CMAKE_PREFIX_PATH=${CMAKE_PREFIX_PATH}:/home/ws/roarm_ws_em0/install/ros2web_widgets:/home/ws/roarm_ws_em0/install/ros2web_example_py:/home/ws/roarm_ws_em0/install/roarm_web_app:/home/ws/roarm_ws_em0/install/ros2web_app:/home/ws/roarm_ws_em0/install/ros2web:/home/ws/roarm_ws_em0/install/roarm_driver:/home/ws/roarm_ws_em0/install/launch_api:/opt/ros/humble /usr/bin/cmake /home/ws/roarm_ws_em0/src/roarm_main/manual_move_action -DCMAKE_INSTALL_PREFIX=/home/ws/roarm_ws_em0/install/manual_move_action
[0.142s] -- The C compiler identification is GNU 11.4.0
[0.254s] -- The CXX compiler identification is GNU 11.4.0
[0.273s] -- Detecting C compiler ABI info
[0.371s] -- Detecting C compiler ABI info - done
[0.373s] -- Check for working C compiler: /usr/bin/cc - skipped
[0.373s] -- Detecting C compile features
[0.374s] -- Detecting C compile features - done
[0.378s] -- Detecting CXX compiler ABI info
[0.468s] -- Detecting CXX compiler ABI info - done
[0.472s] -- Check for working CXX compiler: /usr/bin/c++ - skipped
[0.472s] -- Detecting CXX compile features
[0.473s] -- Detecting CXX compile features - done
[0.488s] -- Found ament_cmake: 1.3.10 (/opt/ros/humble/share/ament_cmake/cmake)
[0.634s] -- Found Python3: /usr/bin/python3 (found version "3.10.12") found components: Interpreter 
[0.765s] -- Found rclcpp: 16.0.10 (/opt/ros/humble/share/rclcpp/cmake)
[0.859s] -- Found rosidl_generator_c: 3.1.5 (/opt/ros/humble/share/rosidl_generator_c/cmake)
[0.867s] -- Found rosidl_adapter: 3.1.5 (/opt/ros/humble/share/rosidl_adapter/cmake)
[0.886s] -- Found rosidl_generator_cpp: 3.1.5 (/opt/ros/humble/share/rosidl_generator_cpp/cmake)
[0.910s] -- Using all available rosidl_typesupport_c: rosidl_typesupport_fastrtps_c;rosidl_typesupport_introspection_c
[0.940s] -- Using all available rosidl_typesupport_cpp: rosidl_typesupport_fastrtps_cpp;rosidl_typesupport_introspection_cpp
[1.023s] -- Found rmw_implementation_cmake: 6.1.2 (/opt/ros/humble/share/rmw_implementation_cmake/cmake)
[1.033s] -- Found rmw_fastrtps_cpp: 6.2.7 (/opt/ros/humble/share/rmw_fastrtps_cpp/cmake)
[1.174s] -- Found OpenSSL: /usr/lib/x86_64-linux-gnu/libcrypto.so (found version "3.0.2")  
[1.205s] -- Found FastRTPS: /opt/ros/humble/include  
[1.236s] -- Using RMW implementation 'rmw_fastrtps_cpp' as default
[1.255s] -- Looking for pthread.h
[1.367s] -- Looking for pthread.h - found
[1.367s] -- Performing Test CMAKE_HAVE_LIBC_PTHREAD
[1.438s] -- Performing Test CMAKE_HAVE_LIBC_PTHREAD - Success
[1.441s] -- Found Threads: TRUE  
[1.525s] -- Found rclcpp_action: 16.0.10 (/opt/ros/humble/share/rclcpp_action/cmake)
[1.572s] -- Found rclcpp_components: 16.0.10 (/opt/ros/humble/share/rclcpp_components/cmake)
[1.596s] -- Found rosidl_default_generators: 1.2.0 (/opt/ros/humble/share/rosidl_default_generators/cmake)
[1.824s] -- Found ament_cmake_ros: 0.10.0 (/opt/ros/humble/share/ament_cmake_ros/cmake)
[2.082s] -- Using all available rosidl_typesupport_c: rosidl_typesupport_fastrtps_c;rosidl_typesupport_introspection_c
[2.199s] -- Using all available rosidl_typesupport_cpp: rosidl_typesupport_fastrtps_cpp;rosidl_typesupport_introspection_cpp
[2.221s] -- Found PythonInterp: /usr/bin/python3 (found suitable version "3.10.12", minimum required is "3.6") 
[2.222s] -- Found python_cmake_module: 0.10.0 (/opt/ros/humble/share/python_cmake_module/cmake)
[2.243s] -- Found PythonLibs: /usr/lib/x86_64-linux-gnu/libpython3.10.so (found suitable version "3.10.12", minimum required is "3.5") 
[2.243s] -- Using PYTHON_EXECUTABLE: /usr/bin/python3
[2.243s] -- Using PYTHON_INCLUDE_DIRS: /usr/include/python3.10
[2.243s] -- Using PYTHON_LIBRARIES: /usr/lib/x86_64-linux-gnu/libpython3.10.so
[2.260s] -- Found PythonExtra: .so  
[2.309s] -- Found ament_lint_auto: 0.12.11 (/opt/ros/humble/share/ament_lint_auto/cmake)
[2.358s] -- Added test 'copyright' to check source files copyright and LICENSE
[2.363s] -- Added test 'cppcheck' to perform static code analysis on C / C++ code
[2.363s] -- Configured cppcheck include dirs: 
[2.363s] -- Configured cppcheck exclude dirs and/or files: 
[2.363s] -- Added test 'cpplint' to check C / C++ code against the Google style
[2.363s] -- Configured cpplint exclude dirs and/or files: 
[2.366s] -- Added test 'flake8' to check Python code syntax and style conventions
[2.368s] -- Added test 'lint_cmake' to check CMake code style
[2.368s] -- Added test 'pep257' to check Python code against some of the docstring style conventions in PEP 257
[2.369s] -- Added test 'uncrustify' to check C / C++ code style
[2.369s] -- Configured uncrustify additional arguments: 
[2.370s] -- Added test 'xmllint' to check XML markup files
[2.379s] -- Configuring done
[2.484s] -- Generating done
[2.488s] -- Build files have been written to: /home/ws/roarm_ws_em0/build/manual_move_action
[2.501s] Invoked command in '/home/ws/roarm_ws_em0/build/manual_move_action' returned '0': CMAKE_PREFIX_PATH=${CMAKE_PREFIX_PATH}:/home/ws/roarm_ws_em0/install/ros2web_widgets:/home/ws/roarm_ws_em0/install/ros2web_example_py:/home/ws/roarm_ws_em0/install/roarm_web_app:/home/ws/roarm_ws_em0/install/ros2web_app:/home/ws/roarm_ws_em0/install/ros2web:/home/ws/roarm_ws_em0/install/roarm_driver:/home/ws/roarm_ws_em0/install/launch_api:/opt/ros/humble /usr/bin/cmake /home/ws/roarm_ws_em0/src/roarm_main/manual_move_action -DCMAKE_INSTALL_PREFIX=/home/ws/roarm_ws_em0/install/manual_move_action
[2.502s] Invoking command in '/home/ws/roarm_ws_em0/build/manual_move_action': CMAKE_PREFIX_PATH=${CMAKE_PREFIX_PATH}:/home/ws/roarm_ws_em0/install/ros2web_widgets:/home/ws/roarm_ws_em0/install/ros2web_example_py:/home/ws/roarm_ws_em0/install/roarm_web_app:/home/ws/roarm_ws_em0/install/ros2web_app:/home/ws/roarm_ws_em0/install/ros2web:/home/ws/roarm_ws_em0/install/roarm_driver:/home/ws/roarm_ws_em0/install/launch_api:/opt/ros/humble /usr/bin/cmake --build /home/ws/roarm_ws_em0/build/manual_move_action -- -j4 -l4
[2.554s] [35m[1mConsolidate compiler generated dependencies of target manual_move_action__rosidl_generator_c[0m
[2.565s] [  2%] Built target manual_move_action__cpp
[2.566s] [  5%] [32m[1mLinking C shared library libmanual_move_action__rosidl_generator_c.so[0m
[2.575s] [  5%] Built target ament_cmake_python_copy_manual_move_action
[2.581s] [35m[1mConsolidate compiler generated dependencies of target manual_move_action__rosidl_typesupport_fastrtps_cpp[0m
[2.584s] [35m[1mConsolidate compiler generated dependencies of target manual_move_action__rosidl_typesupport_cpp[0m
[2.596s] [35m[1mConsolidate compiler generated dependencies of target manual_move_action__rosidl_typesupport_introspection_cpp[0m
[2.597s] [  8%] [32m[1mLinking CXX shared library libmanual_move_action__rosidl_typesupport_cpp.so[0m
[2.599s] [ 11%] [32m[1mLinking CXX shared library libmanual_move_action__rosidl_typesupport_fastrtps_cpp.so[0m
[2.608s] [ 14%] [32m[1mLinking CXX shared library libmanual_move_action__rosidl_typesupport_introspection_cpp.so[0m
[2.613s] [ 20%] Built target manual_move_action__rosidl_generator_c
[2.648s] [ 25%] Built target manual_move_action__rosidl_typesupport_cpp
[2.665s] [35m[1mConsolidate compiler generated dependencies of target manual_move_action__rosidl_typesupport_fastrtps_c[0m
[2.682s] [ 28%] [32m[1mLinking CXX shared library libmanual_move_action__rosidl_typesupport_fastrtps_c.so[0m
[2.701s] [ 34%] Built target manual_move_action__rosidl_typesupport_fastrtps_cpp
[2.713s] [ 40%] Built target manual_move_action__rosidl_typesupport_introspection_cpp
[2.720s] [35m[1mConsolidate compiler generated dependencies of target manual_move_action__rosidl_typesupport_introspection_c[0m
[2.733s] [35m[1mConsolidate compiler generated dependencies of target manual_move_action__rosidl_typesupport_c[0m
[2.744s] [ 42%] [32m[1mLinking C shared library libmanual_move_action__rosidl_typesupport_introspection_c.so[0m
[2.747s] [ 45%] [32m[1mLinking CXX shared library libmanual_move_action__rosidl_typesupport_c.so[0m
[2.775s] [ 51%] Built target manual_move_action__rosidl_typesupport_fastrtps_c
[2.797s] [ 57%] Built target manual_move_action__rosidl_typesupport_introspection_c
[2.821s] [ 62%] Built target manual_move_action__rosidl_typesupport_c
[2.823s] [ 65%] [32mBuilding CXX object CMakeFiles/manual_move_client.dir/src/manual_move_client.cpp.o[0m
[2.838s] [ 68%] [32mBuilding CXX object CMakeFiles/manual_move_server.dir/src/manual_move_server.cpp.o[0m
[2.855s] [ 68%] Built target manual_move_action
[2.860s] running egg_info
[2.861s] writing manual_move_action.egg-info/PKG-INFO
[2.862s] writing dependency_links to manual_move_action.egg-info/dependency_links.txt
[2.862s] writing top-level names to manual_move_action.egg-info/top_level.txt
[2.867s] reading manifest file 'manual_move_action.egg-info/SOURCES.txt'
[2.868s] writing manifest file 'manual_move_action.egg-info/SOURCES.txt'
[2.885s] [ 71%] [34m[1mGenerating Python code for ROS interfaces[0m
[2.905s] [ 71%] Built target ament_cmake_python_build_manual_move_action_egg
[3.125s] [01m[K/home/ws/roarm_ws_em0/src/roarm_main/manual_move_action/src/manual_move_server.cpp:15:10:[m[K [01;31m[Kfatal error: [m[Kroarm_moveit/srv/MovePointCmd.hpp: No such file or directory
[3.126s]    15 | #include [01;31m[K"roarm_moveit/srv/MovePointCmd.hpp"[m[K
[3.126s]       |          [01;31m[K^~~~~~~~~~~~~~~~~~~~~~~~~~~~~~~~~~~[m[K
[3.126s] compilation terminated.
[3.130s] gmake[2]: *** [CMakeFiles/manual_move_server.dir/build.make:76: CMakeFiles/manual_move_server.dir/src/manual_move_server.cpp.o] Error 1
[3.130s] gmake[1]: *** [CMakeFiles/Makefile2:622: CMakeFiles/manual_move_server.dir/all] Error 2
[3.130s] gmake[1]: *** Waiting for unfinished jobs....
[3.453s] [ 71%] Built target manual_move_action__py
[4.938s] [01m[K/home/ws/roarm_ws_em0/src/roarm_main/manual_move_action/src/manual_move_client.cpp:[m[K In member function â€˜[01m[Kvoid MinimalActionClient::feedback_callback(rclcpp_action::ClientGoalHandle<manual_move_action::action::MoveInfo>::SharedPtr, std::shared_ptr<const manual_move_action::action::MoveInfo_Feedback_<std::allocator<void> > >)[m[Kâ€™:
[4.938s] [01m[K/home/ws/roarm_ws_em0/src/roarm_main/manual_move_action/src/manual_move_client.cpp:56:69:[m[K [01;35m[Kwarning: [m[Kunused parameter â€˜[01m[Kfeedback[m[Kâ€™ [[01;35m[K]8;;https://gcc.gnu.org/onlinedocs/gcc/Warning-Options.html#index-Wunused-parameter-Wunused-parameter]8;;[m[K]
[4.938s]    56 |               [01;35m[Kconst std::shared_ptr<const MoveInfo::Feedback> feedback[m[K)
[4.938s]       |               [01;35m[K~~~~~~~~~~~~~~~~~~~~~~~~~~~~~~~~~~~~~~~~~~~~~~~~^~~~~~~~[m[K
[4.938s] 
[4.940s] [01m[K/home/ws/roarm_ws_em0/src/roarm_main/manual_move_action/src/manual_move_client.cpp:[m[K In function â€˜[01m[Kvoid PromptUser(const std::shared_ptr<MinimalActionClient>&)[m[Kâ€™:
[4.940s] [01m[K/home/ws/roarm_ws_em0/src/roarm_main/manual_move_action/src/manual_move_client.cpp:90:20:[m[K [01;31m[Kerror: [m[Kâ€˜[01m[Kvoid MinimalActionClient::send_goal()[m[Kâ€™ is private within this context
[4.940s]    90 |     [01;31m[Knode->send_goal()[m[K;  // Call your goal-sending logic
[4.940s]       |     [01;31m[K~~~~~~~~~~~~~~~^~[m[K
[4.940s] [01m[K/home/ws/roarm_ws_em0/src/roarm_main/manual_move_action/src/manual_move_client.cpp:34:8:[m[K [01;36m[Knote: [m[Kdeclared private here
[4.940s]    34 |   void [01;36m[Ksend_goal[m[K()
[4.940s]       |        [01;36m[K^~~~~~~~~[m[K
[5.469s] gmake[2]: *** [CMakeFiles/manual_move_client.dir/build.make:76: CMakeFiles/manual_move_client.dir/src/manual_move_client.cpp.o] Error 1
[5.469s] gmake[1]: *** [CMakeFiles/Makefile2:595: CMakeFiles/manual_move_client.dir/all] Error 2
[5.470s] gmake: *** [Makefile:146: all] Error 2
[5.472s] Invoked command in '/home/ws/roarm_ws_em0/build/manual_move_action' returned '2': CMAKE_PREFIX_PATH=${CMAKE_PREFIX_PATH}:/home/ws/roarm_ws_em0/install/ros2web_widgets:/home/ws/roarm_ws_em0/install/ros2web_example_py:/home/ws/roarm_ws_em0/install/roarm_web_app:/home/ws/roarm_ws_em0/install/ros2web_app:/home/ws/roarm_ws_em0/install/ros2web:/home/ws/roarm_ws_em0/install/roarm_driver:/home/ws/roarm_ws_em0/install/launch_api:/opt/ros/humble /usr/bin/cmake --build /home/ws/roarm_ws_em0/build/manual_move_action -- -j4 -l4
